#! /usr/bin/vvp
:ivl_version "12.0 (stable)";
:ivl_delay_selection "TYPICAL";
:vpi_time_precision + 0;
:vpi_module "/usr/lib/x86_64-linux-gnu/ivl/system.vpi";
:vpi_module "/usr/lib/x86_64-linux-gnu/ivl/vhdl_sys.vpi";
:vpi_module "/usr/lib/x86_64-linux-gnu/ivl/vhdl_textio.vpi";
:vpi_module "/usr/lib/x86_64-linux-gnu/ivl/v2005_math.vpi";
:vpi_module "/usr/lib/x86_64-linux-gnu/ivl/va_math.vpi";
S_0x63fc46c2f4f0 .scope module, "feature_vector_generator" "feature_vector_generator" 2 1;
 .timescale 0 0;
    .port_info 0 /INPUT 1 "clk";
    .port_info 1 /INPUT 1 "reset";
    .port_info 2 /INPUT 8 "alpha";
    .port_info 3 /INPUT 8 "beta";
    .port_info 4 /INPUT 8 "theta";
    .port_info 5 /INPUT 8 "gsr";
    .port_info 6 /OUTPUT 32 "vector_out";
o0x755dc4ce1018 .functor BUFZ 8, C4<zzzzzzzz>; HiZ drive
v0x63fc46c2f730_0 .net "alpha", 7 0, o0x755dc4ce1018;  0 drivers
o0x755dc4ce1048 .functor BUFZ 8, C4<zzzzzzzz>; HiZ drive
v0x63fc46c78720_0 .net "beta", 7 0, o0x755dc4ce1048;  0 drivers
o0x755dc4ce1078 .functor BUFZ 1, C4<z>; HiZ drive
v0x63fc46c78800_0 .net "clk", 0 0, o0x755dc4ce1078;  0 drivers
o0x755dc4ce10a8 .functor BUFZ 8, C4<zzzzzzzz>; HiZ drive
v0x63fc46c788a0_0 .net "gsr", 7 0, o0x755dc4ce10a8;  0 drivers
o0x755dc4ce10d8 .functor BUFZ 1, C4<z>; HiZ drive
v0x63fc46c78980_0 .net "reset", 0 0, o0x755dc4ce10d8;  0 drivers
o0x755dc4ce1108 .functor BUFZ 8, C4<zzzzzzzz>; HiZ drive
v0x63fc46c78a90_0 .net "theta", 7 0, o0x755dc4ce1108;  0 drivers
v0x63fc46c78b70_0 .var "vector_out", 31 0;
E_0x63fc46c69280 .event posedge, v0x63fc46c78980_0, v0x63fc46c78800_0;
    .scope S_0x63fc46c2f4f0;
T_0 ;
    %wait E_0x63fc46c69280;
    %load/vec4 v0x63fc46c78980_0;
    %flag_set/vec4 8;
    %jmp/0xz  T_0.0, 8;
    %pushi/vec4 0, 0, 32;
    %assign/vec4 v0x63fc46c78b70_0, 0;
    %jmp T_0.1;
T_0.0 ;
    %load/vec4 v0x63fc46c2f730_0;
    %load/vec4 v0x63fc46c78720_0;
    %concat/vec4; draw_concat_vec4
    %load/vec4 v0x63fc46c78a90_0;
    %concat/vec4; draw_concat_vec4
    %load/vec4 v0x63fc46c788a0_0;
    %concat/vec4; draw_concat_vec4
    %assign/vec4 v0x63fc46c78b70_0, 0;
T_0.1 ;
    %jmp T_0;
    .thread T_0;
# The file index is used to find the file name in the following table.
:file_names 3;
    "N/A";
    "<interactive>";
    "feature_vector_generator.v";
