#! /mingw64/bin/vvp
:ivl_version "12.0 (stable)";
:ivl_delay_selection "TYPICAL";
:vpi_time_precision - 12;
:vpi_module "C:\msys64\mingw64\lib\ivl\system.vpi";
:vpi_module "C:\msys64\mingw64\lib\ivl\vhdl_sys.vpi";
:vpi_module "C:\msys64\mingw64\lib\ivl\vhdl_textio.vpi";
:vpi_module "C:\msys64\mingw64\lib\ivl\v2005_math.vpi";
:vpi_module "C:\msys64\mingw64\lib\ivl\va_math.vpi";
:vpi_module "C:\msys64\mingw64\lib\ivl\v2009.vpi";
S_000001fe27b6d160 .scope package, "$unit" "$unit" 2 1;
 .timescale 0 0;
S_000001fe27b6d2f0 .scope module, "moving_average_filter_tb" "moving_average_filter_tb" 3 3;
 .timescale -9 -12;
P_000001fe27b6c220 .param/l "input_width" 0 3 5, +C4<00000000000000000000000000001000>;
v000001fe27bcdd20_0 .var "clk", 0 0;
v000001fe27bcd960_0 .var "reset", 0 0;
v000001fe27bcddc0_0 .var "rhythm", 7 0;
v000001fe27bcdf00_0 .net "smoothed_rhythm", 7 0, v000001fe27bce7c0_0;  1 drivers
S_000001fe27b7d590 .scope module, "dut" "moving_average_filter" 3 15, 4 1 0, S_000001fe27b6d2f0;
 .timescale 0 0;
    .port_info 0 /INPUT 1 "clk";
    .port_info 1 /INPUT 1 "reset";
    .port_info 2 /INPUT 8 "rhythm";
    .port_info 3 /OUTPUT 8 "smoothed_rhythm";
P_000001fe27b468e0 .param/l "SUM_WIDTH" 1 4 10, +C4<000000000000000000000000000001010>;
P_000001fe27b46918 .param/l "input_width" 0 4 2, +C4<00000000000000000000000000001000>;
L_000001fe27bcf898 .functor BUFT 1, C4<00>, C4<0>, C4<0>, C4<0>;
v000001fe27b46ae0_0 .net/2u *"_ivl_0", 1 0, L_000001fe27bcf898;  1 drivers
L_000001fe27bcf928 .functor BUFT 1, C4<00>, C4<0>, C4<0>, C4<0>;
v000001fe27b464d0_0 .net/2u *"_ivl_10", 1 0, L_000001fe27bcf928;  1 drivers
v000001fe27b79400_0 .net *"_ivl_12", 9 0, L_000001fe27c19790;  1 drivers
v000001fe27bce0e0_0 .net *"_ivl_14", 9 0, L_000001fe27c18b10;  1 drivers
L_000001fe27bcf970 .functor BUFT 1, C4<00>, C4<0>, C4<0>, C4<0>;
v000001fe27bcde60_0 .net/2u *"_ivl_16", 1 0, L_000001fe27bcf970;  1 drivers
v000001fe27bcdfa0_0 .net *"_ivl_18", 9 0, L_000001fe27c18c50;  1 drivers
v000001fe27bce540_0 .net *"_ivl_2", 9 0, L_000001fe27bce360;  1 drivers
v000001fe27bce220_0 .net *"_ivl_22", 9 0, L_000001fe27c19470;  1 drivers
v000001fe27bcdb40_0 .net *"_ivl_24", 7 0, L_000001fe27c193d0;  1 drivers
L_000001fe27bcf9b8 .functor BUFT 1, C4<00>, C4<0>, C4<0>, C4<0>;
v000001fe27bcda00_0 .net *"_ivl_26", 1 0, L_000001fe27bcf9b8;  1 drivers
L_000001fe27bcf8e0 .functor BUFT 1, C4<00>, C4<0>, C4<0>, C4<0>;
v000001fe27bce5e0_0 .net/2u *"_ivl_4", 1 0, L_000001fe27bcf8e0;  1 drivers
v000001fe27bce680_0 .net *"_ivl_6", 9 0, L_000001fe27bce400;  1 drivers
v000001fe27bce4a0_0 .net *"_ivl_8", 9 0, L_000001fe27c18cf0;  1 drivers
v000001fe27bcdaa0_0 .net "average_result", 7 0, L_000001fe27c18110;  1 drivers
v000001fe27bcdbe0_0 .net "clk", 0 0, v000001fe27bcdd20_0;  1 drivers
v000001fe27bce720_0 .var "delay_1", 7 0;
v000001fe27bce180_0 .var "delay_2", 7 0;
v000001fe27bce2c0_0 .var "delay_3", 7 0;
v000001fe27bcdc80_0 .net "reset", 0 0, v000001fe27bcd960_0;  1 drivers
v000001fe27bce040_0 .net "rhythm", 7 0, v000001fe27bcddc0_0;  1 drivers
v000001fe27bce7c0_0 .var "smoothed_rhythm", 7 0;
v000001fe27bcd8c0_0 .net "sum", 9 0, L_000001fe27c18ed0;  1 drivers
E_000001fe27b6c6a0 .event posedge, v000001fe27bcdc80_0, v000001fe27bcdbe0_0;
L_000001fe27bce360 .concat [ 8 2 0 0], v000001fe27bcddc0_0, L_000001fe27bcf898;
L_000001fe27bce400 .concat [ 8 2 0 0], v000001fe27bce720_0, L_000001fe27bcf8e0;
L_000001fe27c18cf0 .arith/sum 10, L_000001fe27bce360, L_000001fe27bce400;
L_000001fe27c19790 .concat [ 8 2 0 0], v000001fe27bce180_0, L_000001fe27bcf928;
L_000001fe27c18b10 .arith/sum 10, L_000001fe27c18cf0, L_000001fe27c19790;
L_000001fe27c18c50 .concat [ 8 2 0 0], v000001fe27bce2c0_0, L_000001fe27bcf970;
L_000001fe27c18ed0 .arith/sum 10, L_000001fe27c18b10, L_000001fe27c18c50;
L_000001fe27c193d0 .part L_000001fe27c18ed0, 2, 8;
L_000001fe27c19470 .concat [ 8 2 0 0], L_000001fe27c193d0, L_000001fe27bcf9b8;
L_000001fe27c18110 .part L_000001fe27c19470, 0, 8;
    .scope S_000001fe27b7d590;
T_0 ;
    %wait E_000001fe27b6c6a0;
    %load/vec4 v000001fe27bcdc80_0;
    %flag_set/vec4 8;
    %jmp/0xz  T_0.0, 8;
    %pushi/vec4 0, 0, 8;
    %assign/vec4 v000001fe27bce720_0, 0;
    %pushi/vec4 0, 0, 8;
    %assign/vec4 v000001fe27bce180_0, 0;
    %pushi/vec4 0, 0, 8;
    %assign/vec4 v000001fe27bce2c0_0, 0;
    %pushi/vec4 0, 0, 8;
    %assign/vec4 v000001fe27bce7c0_0, 0;
    %jmp T_0.1;
T_0.0 ;
    %load/vec4 v000001fe27bce040_0;
    %assign/vec4 v000001fe27bce720_0, 0;
    %load/vec4 v000001fe27bce720_0;
    %assign/vec4 v000001fe27bce180_0, 0;
    %load/vec4 v000001fe27bce180_0;
    %assign/vec4 v000001fe27bce2c0_0, 0;
    %load/vec4 v000001fe27bcdaa0_0;
    %assign/vec4 v000001fe27bce7c0_0, 0;
T_0.1 ;
    %jmp T_0;
    .thread T_0;
    .scope S_000001fe27b6d2f0;
T_1 ;
    %delay 5000, 0;
    %load/vec4 v000001fe27bcdd20_0;
    %inv;
    %store/vec4 v000001fe27bcdd20_0, 0, 1;
    %jmp T_1;
    .thread T_1;
    .scope S_000001fe27b6d2f0;
T_2 ;
    %pushi/vec4 0, 0, 1;
    %store/vec4 v000001fe27bcdd20_0, 0, 1;
    %pushi/vec4 1, 0, 1;
    %store/vec4 v000001fe27bcd960_0, 0, 1;
    %pushi/vec4 0, 0, 8;
    %store/vec4 v000001fe27bcddc0_0, 0, 8;
    %delay 12000, 0;
    %pushi/vec4 0, 0, 1;
    %store/vec4 v000001fe27bcd960_0, 0, 1;
    %pushi/vec4 80, 0, 8;
    %store/vec4 v000001fe27bcddc0_0, 0, 8;
    %delay 10000, 0;
    %pushi/vec4 78, 0, 8;
    %store/vec4 v000001fe27bcddc0_0, 0, 8;
    %delay 10000, 0;
    %pushi/vec4 85, 0, 8;
    %store/vec4 v000001fe27bcddc0_0, 0, 8;
    %delay 10000, 0;
    %pushi/vec4 81, 0, 8;
    %store/vec4 v000001fe27bcddc0_0, 0, 8;
    %delay 10000, 0;
    %load/vec4 v000001fe27bcdf00_0;
    %pad/u 32;
    %cmpi/ne 81, 0, 32;
    %jmp/0xz  T_2.0, 4;
    %vpi_call/w 3 38 "$display", "FAIL: expected 81, got %0d", v000001fe27bcdf00_0 {0 0 0};
    %jmp T_2.1;
T_2.0 ;
    %vpi_call/w 3 40 "$display", "PASS: moving average output = %0d", v000001fe27bcdf00_0 {0 0 0};
T_2.1 ;
    %delay 20000, 0;
    %vpi_call/w 3 44 "$finish" {0 0 0};
    %end;
    .thread T_2;
    .scope S_000001fe27b6d2f0;
T_3 ;
    %vpi_call/w 3 48 "$monitor", "Time=%0t | rhythm=%0d | smoothed_rhythm=%0d", $time, v000001fe27bcddc0_0, v000001fe27bcdf00_0 {0 0 0};
    %end;
    .thread T_3;
# The file index is used to find the file name in the following table.
:file_names 5;
    "N/A";
    "<interactive>";
    "-";
    "Testbench\moving_average_filter_tb.v";
    "RTL\moving_average_filter.v";
