#! /mingw64/bin/vvp
:ivl_version "12.0 (stable)";
:ivl_delay_selection "TYPICAL";
:vpi_time_precision - 12;
:vpi_module "C:\msys64\mingw64\lib\ivl\system.vpi";
:vpi_module "C:\msys64\mingw64\lib\ivl\vhdl_sys.vpi";
:vpi_module "C:\msys64\mingw64\lib\ivl\vhdl_textio.vpi";
:vpi_module "C:\msys64\mingw64\lib\ivl\v2005_math.vpi";
:vpi_module "C:\msys64\mingw64\lib\ivl\va_math.vpi";
:vpi_module "C:\msys64\mingw64\lib\ivl\v2009.vpi";
S_0000013b09e13780 .scope package, "$unit" "$unit" 2 1;
 .timescale 0 0;
S_0000013b09e13910 .scope module, "pain_classification_pipeline_tb" "pain_classification_pipeline_tb" 3 3;
 .timescale -9 -12;
P_0000013b09e6b450 .param/l "input_width" 0 3 5, +C4<00000000000000000000000000001000>;
v0000013b09f55650_0 .var "alpha", 7 0;
v0000013b09f55d30_0 .var "beta", 7 0;
v0000013b09f54cf0_0 .var "clk", 0 0;
v0000013b09f556f0_0 .var/i "error_count", 31 0;
v0000013b09f54d90_0 .net "feature_vector", 31 0, v0000013b09e54810_0;  1 drivers
v0000013b09f54f70_0 .var "gsr", 7 0;
v0000013b09f572a0_0 .net "pain_score", 4 0, v0000013b09f54110_0;  1 drivers
v0000013b09f57520_0 .net "pain_state", 1 0, v0000013b09f55470_0;  1 drivers
v0000013b09f56760_0 .net "raw_pain_level", 1 0, v0000013b09f54390_0;  1 drivers
v0000013b09f56da0_0 .var "reset", 0 0;
v0000013b09f561c0_0 .var "theta", 7 0;
E_0000013b09e6b490 .event negedge, v0000013b09e54450_0;
E_0000013b09e6b4d0 .event posedge, v0000013b09e54450_0;
S_0000013b09e34b50 .scope autotask, "apply_vector_and_check" "apply_vector_and_check" 3 133, 3 133 0, S_0000013b09e13910;
 .timescale -9 -12;
v0000013b09e55990_0 .var "alpha_value", 7 0;
v0000013b09e54ef0_0 .var "beta_value", 7 0;
v0000013b09e550d0_0 .var "expected_alpha_code", 1 0;
v0000013b09e54bd0_0 .var "expected_beta_code", 1 0;
v0000013b09e55d50_0 .var "expected_gsr_code", 1 0;
v0000013b09e557b0_0 .var "expected_raw_level", 1 0;
v0000013b09e54c70_0 .var "expected_score", 4 0;
v0000013b09e55cb0_0 .var "expected_state", 1 0;
v0000013b09e55490_0 .var "expected_theta_code", 1 0;
v0000013b09e54d10_0 .var "gsr_value", 7 0;
v0000013b09e55170_0 .var "theta_value", 7 0;
TD_pain_classification_pipeline_tb.apply_vector_and_check ;
    %alloc S_0000013b09ebee40;
    %load/vec4 v0000013b09e55990_0;
    %store/vec4 v0000013b09e555d0_0, 0, 8;
    %load/vec4 v0000013b09e54ef0_0;
    %store/vec4 v0000013b09e55850_0, 0, 8;
    %load/vec4 v0000013b09e55170_0;
    %store/vec4 v0000013b09e54770_0, 0, 8;
    %load/vec4 v0000013b09e54d10_0;
    %store/vec4 v0000013b09e546d0_0, 0, 8;
    %fork TD_pain_classification_pipeline_tb.drive_vector, S_0000013b09ebee40;
    %join;
    %free S_0000013b09ebee40;
    %alloc S_0000013b09e34ce0;
    %load/vec4 v0000013b09e55990_0;
    %store/vec4 v0000013b09e54db0_0, 0, 8;
    %load/vec4 v0000013b09e54ef0_0;
    %store/vec4 v0000013b09e54270_0, 0, 8;
    %load/vec4 v0000013b09e55170_0;
    %store/vec4 v0000013b09e55350_0, 0, 8;
    %load/vec4 v0000013b09e54d10_0;
    %store/vec4 v0000013b09e55df0_0, 0, 8;
    %load/vec4 v0000013b09e550d0_0;
    %store/vec4 v0000013b09e54f90_0, 0, 2;
    %load/vec4 v0000013b09e54bd0_0;
    %store/vec4 v0000013b09e54e50_0, 0, 2;
    %load/vec4 v0000013b09e55490_0;
    %store/vec4 v0000013b09e54630_0, 0, 2;
    %load/vec4 v0000013b09e55d50_0;
    %store/vec4 v0000013b09e552b0_0, 0, 2;
    %load/vec4 v0000013b09e54c70_0;
    %store/vec4 v0000013b09e543b0_0, 0, 5;
    %load/vec4 v0000013b09e557b0_0;
    %store/vec4 v0000013b09e55530_0, 0, 2;
    %fork TD_pain_classification_pipeline_tb.check_raw_outputs, S_0000013b09e34ce0;
    %join;
    %free S_0000013b09e34ce0;
    %alloc S_0000013b09ebecb0;
    %load/vec4 v0000013b09e55cb0_0;
    %store/vec4 v0000013b09e553f0_0, 0, 2;
    %fork TD_pain_classification_pipeline_tb.check_state_after_second_clock, S_0000013b09ebecb0;
    %join;
    %free S_0000013b09ebecb0;
    %end;
S_0000013b09e34ce0 .scope autotask, "check_raw_outputs" "check_raw_outputs" 3 60, 3 60 0, S_0000013b09e13910;
 .timescale -9 -12;
v0000013b09e54db0_0 .var "alpha_value", 7 0;
v0000013b09e54270_0 .var "beta_value", 7 0;
v0000013b09e54f90_0 .var "expected_alpha_code", 1 0;
v0000013b09e54e50_0 .var "expected_beta_code", 1 0;
v0000013b09e552b0_0 .var "expected_gsr_code", 1 0;
v0000013b09e55530_0 .var "expected_raw_level", 1 0;
v0000013b09e543b0_0 .var "expected_score", 4 0;
v0000013b09e54630_0 .var "expected_theta_code", 1 0;
v0000013b09e55df0_0 .var "gsr_value", 7 0;
v0000013b09e55350_0 .var "theta_value", 7 0;
TD_pain_classification_pipeline_tb.check_raw_outputs ;
    %wait E_0000013b09e6b4d0;
    %delay 1000, 0;
    %load/vec4 v0000013b09f54d90_0;
    %load/vec4 v0000013b09e54db0_0;
    %load/vec4 v0000013b09e54270_0;
    %concat/vec4; draw_concat_vec4
    %load/vec4 v0000013b09e55350_0;
    %concat/vec4; draw_concat_vec4
    %load/vec4 v0000013b09e55df0_0;
    %concat/vec4; draw_concat_vec4
    %cmp/ne;
    %jmp/0xz  T_1.0, 6;
    %load/vec4 v0000013b09e54db0_0;
    %load/vec4 v0000013b09e54270_0;
    %concat/vec4; draw_concat_vec4
    %load/vec4 v0000013b09e55350_0;
    %concat/vec4; draw_concat_vec4
    %load/vec4 v0000013b09e55df0_0;
    %concat/vec4; draw_concat_vec4
    %vpi_call/w 3 76 "$display", "FAIL: expected feature vector=%h got=%h", S<0,vec4,u32>, v0000013b09f54d90_0 {1 0 0};
    %load/vec4 v0000013b09f556f0_0;
    %addi 1, 0, 32;
    %store/vec4 v0000013b09f556f0_0, 0, 32;
T_1.0 ;
    %load/vec4 v0000013b09f55290_0;
    %load/vec4 v0000013b09e54f90_0;
    %cmp/ne;
    %jmp/0xz  T_1.2, 6;
    %vpi_call/w 3 82 "$display", "FAIL: expected alpha_code=%0d got=%0d", v0000013b09e54f90_0, v0000013b09f55290_0 {0 0 0};
    %load/vec4 v0000013b09f556f0_0;
    %addi 1, 0, 32;
    %store/vec4 v0000013b09f556f0_0, 0, 32;
T_1.2 ;
    %load/vec4 v0000013b09f55a10_0;
    %load/vec4 v0000013b09e54e50_0;
    %cmp/ne;
    %jmp/0xz  T_1.4, 6;
    %vpi_call/w 3 88 "$display", "FAIL: expected beta_code=%0d got=%0d", v0000013b09e54e50_0, v0000013b09f55a10_0 {0 0 0};
    %load/vec4 v0000013b09f556f0_0;
    %addi 1, 0, 32;
    %store/vec4 v0000013b09f556f0_0, 0, 32;
T_1.4 ;
    %load/vec4 v0000013b09f546b0_0;
    %load/vec4 v0000013b09e54630_0;
    %cmp/ne;
    %jmp/0xz  T_1.6, 6;
    %vpi_call/w 3 94 "$display", "FAIL: expected theta_code=%0d got=%0d", v0000013b09e54630_0, v0000013b09f546b0_0 {0 0 0};
    %load/vec4 v0000013b09f556f0_0;
    %addi 1, 0, 32;
    %store/vec4 v0000013b09f556f0_0, 0, 32;
T_1.6 ;
    %load/vec4 v0000013b09f55ab0_0;
    %load/vec4 v0000013b09e552b0_0;
    %cmp/ne;
    %jmp/0xz  T_1.8, 6;
    %vpi_call/w 3 100 "$display", "FAIL: expected gsr_code=%0d got=%0d", v0000013b09e552b0_0, v0000013b09f55ab0_0 {0 0 0};
    %load/vec4 v0000013b09f556f0_0;
    %addi 1, 0, 32;
    %store/vec4 v0000013b09f556f0_0, 0, 32;
T_1.8 ;
    %load/vec4 v0000013b09f572a0_0;
    %load/vec4 v0000013b09e543b0_0;
    %cmp/ne;
    %jmp/0xz  T_1.10, 6;
    %vpi_call/w 3 106 "$display", "FAIL: expected pain_score=%0d got=%0d", v0000013b09e543b0_0, v0000013b09f572a0_0 {0 0 0};
    %load/vec4 v0000013b09f556f0_0;
    %addi 1, 0, 32;
    %store/vec4 v0000013b09f556f0_0, 0, 32;
T_1.10 ;
    %load/vec4 v0000013b09f56760_0;
    %load/vec4 v0000013b09e55530_0;
    %cmp/ne;
    %jmp/0xz  T_1.12, 6;
    %vpi_call/w 3 112 "$display", "FAIL: expected raw_pain_level=%0d got=%0d", v0000013b09e55530_0, v0000013b09f56760_0 {0 0 0};
    %load/vec4 v0000013b09f556f0_0;
    %addi 1, 0, 32;
    %store/vec4 v0000013b09f556f0_0, 0, 32;
T_1.12 ;
    %end;
S_0000013b09ebecb0 .scope autotask, "check_state_after_second_clock" "check_state_after_second_clock" 3 119, 3 119 0, S_0000013b09e13910;
 .timescale -9 -12;
v0000013b09e553f0_0 .var "expected_state", 1 0;
TD_pain_classification_pipeline_tb.check_state_after_second_clock ;
    %wait E_0000013b09e6b4d0;
    %delay 1000, 0;
    %load/vec4 v0000013b09f57520_0;
    %load/vec4 v0000013b09e553f0_0;
    %cmp/ne;
    %jmp/0xz  T_2.14, 6;
    %vpi_call/w 3 126 "$display", "FAIL: expected pain_state=%0d got=%0d", v0000013b09e553f0_0, v0000013b09f57520_0 {0 0 0};
    %load/vec4 v0000013b09f556f0_0;
    %addi 1, 0, 32;
    %store/vec4 v0000013b09f556f0_0, 0, 32;
T_2.14 ;
    %end;
S_0000013b09ebee40 .scope autotask, "drive_vector" "drive_vector" 3 46, 3 46 0, S_0000013b09e13910;
 .timescale -9 -12;
v0000013b09e555d0_0 .var "alpha_value", 7 0;
v0000013b09e55850_0 .var "beta_value", 7 0;
v0000013b09e546d0_0 .var "gsr_value", 7 0;
v0000013b09e54770_0 .var "theta_value", 7 0;
TD_pain_classification_pipeline_tb.drive_vector ;
    %wait E_0000013b09e6b490;
    %load/vec4 v0000013b09e555d0_0;
    %store/vec4 v0000013b09f55650_0, 0, 8;
    %load/vec4 v0000013b09e55850_0;
    %store/vec4 v0000013b09f55d30_0, 0, 8;
    %load/vec4 v0000013b09e54770_0;
    %store/vec4 v0000013b09f561c0_0, 0, 8;
    %load/vec4 v0000013b09e546d0_0;
    %store/vec4 v0000013b09f54f70_0, 0, 8;
    %end;
S_0000013b09e0f270 .scope module, "dut" "pain_classification_pipeline" 3 31, 4 1 0, S_0000013b09e13910;
 .timescale 0 0;
    .port_info 0 /INPUT 1 "clk";
    .port_info 1 /INPUT 1 "reset";
    .port_info 2 /INPUT 8 "alpha";
    .port_info 3 /INPUT 8 "beta";
    .port_info 4 /INPUT 8 "theta";
    .port_info 5 /INPUT 8 "gsr";
    .port_info 6 /OUTPUT 32 "feature_vector";
    .port_info 7 /OUTPUT 5 "pain_score";
    .port_info 8 /OUTPUT 2 "raw_pain_level";
    .port_info 9 /OUTPUT 2 "pain_state";
P_0000013b09e0f400 .param/l "alpha_high_min" 0 4 4, C4<01000001>;
P_0000013b09e0f438 .param/l "alpha_low_max" 0 4 3, C4<00100010>;
P_0000013b09e0f470 .param/l "beta_high_min" 0 4 6, C4<01000001>;
P_0000013b09e0f4a8 .param/l "beta_low_max" 0 4 5, C4<00100011>;
P_0000013b09e0f4e0 .param/l "gsr_high_min" 0 4 10, C4<01000001>;
P_0000013b09e0f518 .param/l "gsr_low_max" 0 4 9, C4<00011110>;
P_0000013b09e0f550 .param/l "input_width" 0 4 2, +C4<00000000000000000000000000001000>;
P_0000013b09e0f588 .param/l "theta_high_min" 0 4 8, C4<00110111>;
P_0000013b09e0f5c0 .param/l "theta_low_max" 0 4 7, C4<00100011>;
v0000013b09f54ed0_0 .net "alpha", 7 0, v0000013b09f55650_0;  1 drivers
v0000013b09f547f0_0 .net "beta", 7 0, v0000013b09f55d30_0;  1 drivers
v0000013b09f54a70_0 .net "clk", 0 0, v0000013b09f54cf0_0;  1 drivers
v0000013b09f54570_0 .net "feature_vector", 31 0, v0000013b09e54810_0;  alias, 1 drivers
v0000013b09f555b0_0 .net "gsr", 7 0, v0000013b09f54f70_0;  1 drivers
v0000013b09f54610_0 .net "pain_score", 4 0, v0000013b09f54110_0;  alias, 1 drivers
v0000013b09f55bf0_0 .net "pain_state", 1 0, v0000013b09f55470_0;  alias, 1 drivers
v0000013b09f55c90_0 .net "raw_pain_level", 1 0, v0000013b09f54390_0;  alias, 1 drivers
v0000013b09f54bb0_0 .net "reset", 0 0, v0000013b09f56da0_0;  1 drivers
v0000013b09f54c50_0 .net "theta", 7 0, v0000013b09f561c0_0;  1 drivers
S_0000013b09e220b0 .scope module, "feature_vector_builder" "feature_vector_generator" 4 26, 5 1 0, S_0000013b09e0f270;
 .timescale 0 0;
    .port_info 0 /INPUT 1 "clk";
    .port_info 1 /INPUT 1 "reset";
    .port_info 2 /INPUT 8 "alpha";
    .port_info 3 /INPUT 8 "beta";
    .port_info 4 /INPUT 8 "theta";
    .port_info 5 /INPUT 8 "gsr";
    .port_info 6 /OUTPUT 32 "vector_out";
P_0000013b09e6be10 .param/l "input_width" 0 5 2, +C4<00000000000000000000000000001000>;
v0000013b09e558f0_0 .net "alpha", 7 0, v0000013b09f55650_0;  alias, 1 drivers
v0000013b09e55a30_0 .net "beta", 7 0, v0000013b09f55d30_0;  alias, 1 drivers
v0000013b09e54450_0 .net "clk", 0 0, v0000013b09f54cf0_0;  alias, 1 drivers
v0000013b09e55b70_0 .net "gsr", 7 0, v0000013b09f54f70_0;  alias, 1 drivers
v0000013b09e53f50_0 .net "reset", 0 0, v0000013b09f56da0_0;  alias, 1 drivers
v0000013b09e53ff0_0 .net "theta", 7 0, v0000013b09f561c0_0;  alias, 1 drivers
v0000013b09e54810_0 .var "vector_out", 31 0;
E_0000013b09e6b510 .event posedge, v0000013b09e53f50_0, v0000013b09e54450_0;
S_0000013b09e22240 .scope module, "pain_engine" "pain_classification_engine" 4 46, 6 1 0, S_0000013b09e0f270;
 .timescale 0 0;
    .port_info 0 /INPUT 1 "clk";
    .port_info 1 /INPUT 1 "reset";
    .port_info 2 /INPUT 32 "feature_vector";
    .port_info 3 /OUTPUT 5 "pain_score";
    .port_info 4 /OUTPUT 2 "raw_pain_level";
    .port_info 5 /OUTPUT 2 "pain_state";
P_0000013b09f3d5c0 .param/l "alpha_high_min" 0 6 4, C4<01000001>;
P_0000013b09f3d5f8 .param/l "alpha_low_max" 0 6 3, C4<00100010>;
P_0000013b09f3d630 .param/l "beta_high_min" 0 6 6, C4<01000001>;
P_0000013b09f3d668 .param/l "beta_low_max" 0 6 5, C4<00100011>;
P_0000013b09f3d6a0 .param/l "gsr_high_min" 0 6 10, C4<01000001>;
P_0000013b09f3d6d8 .param/l "gsr_low_max" 0 6 9, C4<00011110>;
P_0000013b09f3d710 .param/l "input_width" 0 6 2, +C4<00000000000000000000000000001000>;
P_0000013b09f3d748 .param/l "theta_high_min" 0 6 8, C4<00110111>;
P_0000013b09f3d780 .param/l "theta_low_max" 0 6 7, C4<00100011>;
v0000013b09f55290_0 .net "alpha_code", 1 0, v0000013b09f54890_0;  1 drivers
v0000013b09f544d0_0 .net "alpha_feature", 7 0, L_0000013b09f56800;  1 drivers
v0000013b09f55a10_0 .net "beta_code", 1 0, v0000013b09f55970_0;  1 drivers
v0000013b09f55830_0 .net "beta_feature", 7 0, L_0000013b09f57b60;  1 drivers
v0000013b09f541b0_0 .net "clk", 0 0, v0000013b09f54cf0_0;  alias, 1 drivers
v0000013b09f55510_0 .net "feature_vector", 31 0, v0000013b09e54810_0;  alias, 1 drivers
v0000013b09f55ab0_0 .net "gsr_code", 1 0, v0000013b09f55790_0;  1 drivers
v0000013b09f54b10_0 .net "gsr_feature", 7 0, L_0000013b09f56e40;  1 drivers
v0000013b09f55e70_0 .net "pain_score", 4 0, v0000013b09f54110_0;  alias, 1 drivers
v0000013b09f55b50_0 .net "pain_state", 1 0, v0000013b09f55470_0;  alias, 1 drivers
v0000013b09f54250_0 .net "raw_pain_level", 1 0, v0000013b09f54390_0;  alias, 1 drivers
v0000013b09f55330_0 .net "reset", 0 0, v0000013b09f56da0_0;  alias, 1 drivers
v0000013b09f546b0_0 .net "theta_code", 1 0, v0000013b09f55dd0_0;  1 drivers
v0000013b09f553d0_0 .net "theta_feature", 7 0, L_0000013b09f570c0;  1 drivers
L_0000013b09f56800 .part v0000013b09e54810_0, 24, 8;
L_0000013b09f57b60 .part v0000013b09e54810_0, 16, 8;
L_0000013b09f570c0 .part v0000013b09e54810_0, 8, 8;
L_0000013b09f56e40 .part v0000013b09e54810_0, 0, 8;
S_0000013b09f3d7c0 .scope module, "alpha_comparator" "feature_threshold_comparator" 6 40, 7 1 0, S_0000013b09e22240;
 .timescale 0 0;
    .port_info 0 /INPUT 8 "feature_value";
    .port_info 1 /OUTPUT 2 "pain_code";
P_0000013b09f3d950 .param/l "high_min" 0 7 4, C4<01000001>;
P_0000013b09f3d988 .param/l "input_width" 0 7 2, +C4<00000000000000000000000000001000>;
P_0000013b09f3d9c0 .param/l "low_max" 0 7 3, C4<00100010>;
P_0000013b09f3d9f8 .param/l "reverse_scale" 0 7 5, C4<1>;
v0000013b09e548b0_0 .net "feature_value", 7 0, L_0000013b09f56800;  alias, 1 drivers
v0000013b09f54890_0 .var "pain_code", 1 0;
E_0000013b09e6b650 .event anyedge, v0000013b09e548b0_0;
S_0000013b09dd60d0 .scope module, "beta_comparator" "feature_threshold_comparator" 6 50, 7 1 0, S_0000013b09e22240;
 .timescale 0 0;
    .port_info 0 /INPUT 8 "feature_value";
    .port_info 1 /OUTPUT 2 "pain_code";
P_0000013b09e223d0 .param/l "high_min" 0 7 4, C4<01000001>;
P_0000013b09e22408 .param/l "input_width" 0 7 2, +C4<00000000000000000000000000001000>;
P_0000013b09e22440 .param/l "low_max" 0 7 3, C4<00100011>;
P_0000013b09e22478 .param/l "reverse_scale" 0 7 5, C4<0>;
v0000013b09f55010_0 .net "feature_value", 7 0, L_0000013b09f57b60;  alias, 1 drivers
v0000013b09f55970_0 .var "pain_code", 1 0;
E_0000013b09e6be50 .event anyedge, v0000013b09f55010_0;
S_0000013b09dd6260 .scope module, "decision_logic" "pain_classification_logic" 6 75, 8 1 0, S_0000013b09e22240;
 .timescale 0 0;
    .port_info 0 /INPUT 2 "alpha_code";
    .port_info 1 /INPUT 2 "beta_code";
    .port_info 2 /INPUT 2 "theta_code";
    .port_info 3 /INPUT 2 "gsr_code";
    .port_info 4 /OUTPUT 5 "pain_score";
    .port_info 5 /OUTPUT 2 "raw_pain_level";
P_0000013b09e5a270 .param/l "HIGH_PAIN" 1 8 12, C4<10>;
P_0000013b09e5a2a8 .param/l "LOW_PAIN" 1 8 10, C4<00>;
P_0000013b09e5a2e0 .param/l "MODERATE_PAIN" 1 8 11, C4<01>;
P_0000013b09e5a318 .param/l "SCORE_HIGH_MIN" 1 8 14, C4<01011>;
P_0000013b09e5a350 .param/l "SCORE_LOW_MAX" 1 8 13, C4<00100>;
v0000013b09f54e30_0 .net "alpha_code", 1 0, v0000013b09f54890_0;  alias, 1 drivers
v0000013b09f54930_0 .net "beta_code", 1 0, v0000013b09f55970_0;  alias, 1 drivers
v0000013b09f55150_0 .net "gsr_code", 1 0, v0000013b09f55790_0;  alias, 1 drivers
v0000013b09f54110_0 .var "pain_score", 4 0;
v0000013b09f54390_0 .var "raw_pain_level", 1 0;
v0000013b09f550b0_0 .net "theta_code", 1 0, v0000013b09f55dd0_0;  alias, 1 drivers
E_0000013b09e6b590/0 .event anyedge, v0000013b09f54890_0, v0000013b09f55970_0, v0000013b09f550b0_0, v0000013b09f55150_0;
E_0000013b09e6b590/1 .event anyedge, v0000013b09f54110_0;
E_0000013b09e6b590 .event/or E_0000013b09e6b590/0, E_0000013b09e6b590/1;
S_0000013b09e5dbc0 .scope module, "gsr_comparator" "feature_threshold_comparator" 6 70, 7 1 0, S_0000013b09e22240;
 .timescale 0 0;
    .port_info 0 /INPUT 8 "feature_value";
    .port_info 1 /OUTPUT 2 "pain_code";
P_0000013b09e34e70 .param/l "high_min" 0 7 4, C4<01000001>;
P_0000013b09e34ea8 .param/l "input_width" 0 7 2, +C4<00000000000000000000000000001000>;
P_0000013b09e34ee0 .param/l "low_max" 0 7 3, C4<00011110>;
P_0000013b09e34f18 .param/l "reverse_scale" 0 7 5, C4<0>;
v0000013b09f55f10_0 .net "feature_value", 7 0, L_0000013b09f56e40;  alias, 1 drivers
v0000013b09f55790_0 .var "pain_code", 1 0;
E_0000013b09e6b550 .event anyedge, v0000013b09f55f10_0;
S_0000013b09e5dd50 .scope module, "pain_state_fsm" "pain_classifier_fsm" 6 84, 9 1 0, S_0000013b09e22240;
 .timescale 0 0;
    .port_info 0 /INPUT 1 "clk";
    .port_info 1 /INPUT 1 "reset";
    .port_info 2 /INPUT 2 "raw_pain_level";
    .port_info 3 /INPUT 5 "pain_score";
    .port_info 4 /OUTPUT 2 "pain_state";
P_0000013b09dd63f0 .param/l "HIGH_PAIN" 1 9 11, C4<10>;
P_0000013b09dd6428 .param/l "LOW_PAIN" 1 9 9, C4<00>;
P_0000013b09dd6460 .param/l "MODERATE_PAIN" 1 9 10, C4<01>;
P_0000013b09dd6498 .param/l "SCORE_STRONG_HIGH" 1 9 12, C4<01110>;
v0000013b09f558d0_0 .net "clk", 0 0, v0000013b09f54cf0_0;  alias, 1 drivers
v0000013b09f54430_0 .var "low_confirm_pending", 0 0;
v0000013b09f55fb0_0 .var "moderate_confirm_pending", 0 0;
v0000013b09f549d0_0 .net "pain_score", 4 0, v0000013b09f54110_0;  alias, 1 drivers
v0000013b09f55470_0 .var "pain_state", 1 0;
v0000013b09f542f0_0 .net "raw_pain_level", 1 0, v0000013b09f54390_0;  alias, 1 drivers
v0000013b09f54750_0 .net "reset", 0 0, v0000013b09f56da0_0;  alias, 1 drivers
S_0000013b09e5dee0 .scope module, "theta_comparator" "feature_threshold_comparator" 6 60, 7 1 0, S_0000013b09e22240;
 .timescale 0 0;
    .port_info 0 /INPUT 8 "feature_value";
    .port_info 1 /OUTPUT 2 "pain_code";
P_0000013b09e76070 .param/l "high_min" 0 7 4, C4<00110111>;
P_0000013b09e760a8 .param/l "input_width" 0 7 2, +C4<00000000000000000000000000001000>;
P_0000013b09e760e0 .param/l "low_max" 0 7 3, C4<00100011>;
P_0000013b09e76118 .param/l "reverse_scale" 0 7 5, C4<0>;
v0000013b09f551f0_0 .net "feature_value", 7 0, L_0000013b09f570c0;  alias, 1 drivers
v0000013b09f55dd0_0 .var "pain_code", 1 0;
E_0000013b09e6b850 .event anyedge, v0000013b09f551f0_0;
    .scope S_0000013b09e220b0;
T_4 ;
    %wait E_0000013b09e6b510;
    %load/vec4 v0000013b09e53f50_0;
    %flag_set/vec4 8;
    %jmp/0xz  T_4.0, 8;
    %pushi/vec4 0, 0, 32;
    %assign/vec4 v0000013b09e54810_0, 0;
    %jmp T_4.1;
T_4.0 ;
    %load/vec4 v0000013b09e558f0_0;
    %load/vec4 v0000013b09e55a30_0;
    %concat/vec4; draw_concat_vec4
    %load/vec4 v0000013b09e53ff0_0;
    %concat/vec4; draw_concat_vec4
    %load/vec4 v0000013b09e55b70_0;
    %concat/vec4; draw_concat_vec4
    %assign/vec4 v0000013b09e54810_0, 0;
T_4.1 ;
    %jmp T_4;
    .thread T_4;
    .scope S_0000013b09f3d7c0;
T_5 ;
    %wait E_0000013b09e6b650;
    %load/vec4 v0000013b09e548b0_0;
    %cmpi/u 65, 0, 8;
    %flag_inv 5; GE is !LT
    %jmp/0xz  T_5.0, 5;
    %pushi/vec4 0, 0, 2;
    %store/vec4 v0000013b09f54890_0, 0, 2;
    %jmp T_5.1;
T_5.0 ;
    %load/vec4 v0000013b09e548b0_0;
    %cmpi/u 34, 0, 8;
    %flag_or 5, 4; GT is !LE
    %flag_inv 5;
    %jmp/0xz  T_5.2, 5;
    %pushi/vec4 1, 0, 2;
    %store/vec4 v0000013b09f54890_0, 0, 2;
    %jmp T_5.3;
T_5.2 ;
    %pushi/vec4 2, 0, 2;
    %store/vec4 v0000013b09f54890_0, 0, 2;
T_5.3 ;
T_5.1 ;
    %jmp T_5;
    .thread T_5, $push;
    .scope S_0000013b09dd60d0;
T_6 ;
    %wait E_0000013b09e6be50;
    %load/vec4 v0000013b09f55010_0;
    %cmpi/u 35, 0, 8;
    %flag_or 5, 4;
    %jmp/0xz  T_6.0, 5;
    %pushi/vec4 0, 0, 2;
    %store/vec4 v0000013b09f55970_0, 0, 2;
    %jmp T_6.1;
T_6.0 ;
    %load/vec4 v0000013b09f55010_0;
    %cmpi/u 65, 0, 8;
    %jmp/0xz  T_6.2, 5;
    %pushi/vec4 1, 0, 2;
    %store/vec4 v0000013b09f55970_0, 0, 2;
    %jmp T_6.3;
T_6.2 ;
    %pushi/vec4 2, 0, 2;
    %store/vec4 v0000013b09f55970_0, 0, 2;
T_6.3 ;
T_6.1 ;
    %jmp T_6;
    .thread T_6, $push;
    .scope S_0000013b09e5dee0;
T_7 ;
    %wait E_0000013b09e6b850;
    %load/vec4 v0000013b09f551f0_0;
    %cmpi/u 35, 0, 8;
    %flag_or 5, 4;
    %jmp/0xz  T_7.0, 5;
    %pushi/vec4 0, 0, 2;
    %store/vec4 v0000013b09f55dd0_0, 0, 2;
    %jmp T_7.1;
T_7.0 ;
    %load/vec4 v0000013b09f551f0_0;
    %cmpi/u 55, 0, 8;
    %jmp/0xz  T_7.2, 5;
    %pushi/vec4 1, 0, 2;
    %store/vec4 v0000013b09f55dd0_0, 0, 2;
    %jmp T_7.3;
T_7.2 ;
    %pushi/vec4 2, 0, 2;
    %store/vec4 v0000013b09f55dd0_0, 0, 2;
T_7.3 ;
T_7.1 ;
    %jmp T_7;
    .thread T_7, $push;
    .scope S_0000013b09e5dbc0;
T_8 ;
    %wait E_0000013b09e6b550;
    %load/vec4 v0000013b09f55f10_0;
    %cmpi/u 30, 0, 8;
    %flag_or 5, 4;
    %jmp/0xz  T_8.0, 5;
    %pushi/vec4 0, 0, 2;
    %store/vec4 v0000013b09f55790_0, 0, 2;
    %jmp T_8.1;
T_8.0 ;
    %load/vec4 v0000013b09f55f10_0;
    %cmpi/u 65, 0, 8;
    %jmp/0xz  T_8.2, 5;
    %pushi/vec4 1, 0, 2;
    %store/vec4 v0000013b09f55790_0, 0, 2;
    %jmp T_8.3;
T_8.2 ;
    %pushi/vec4 2, 0, 2;
    %store/vec4 v0000013b09f55790_0, 0, 2;
T_8.3 ;
T_8.1 ;
    %jmp T_8;
    .thread T_8, $push;
    .scope S_0000013b09dd6260;
T_9 ;
    %wait E_0000013b09e6b590;
    %pushi/vec4 0, 0, 3;
    %load/vec4 v0000013b09f54e30_0;
    %concat/vec4; draw_concat_vec4
    %ix/load 4, 1, 0;
    %flag_set/imm 4, 0;
    %shiftl 4;
    %pushi/vec4 0, 0, 3;
    %load/vec4 v0000013b09f54930_0;
    %concat/vec4; draw_concat_vec4
    %ix/load 4, 1, 0;
    %flag_set/imm 4, 0;
    %shiftl 4;
    %add;
    %pushi/vec4 0, 0, 3;
    %load/vec4 v0000013b09f550b0_0;
    %concat/vec4; draw_concat_vec4
    %add;
    %pushi/vec4 0, 0, 3;
    %load/vec4 v0000013b09f55150_0;
    %concat/vec4; draw_concat_vec4
    %muli 3, 0, 5;
    %add;
    %store/vec4 v0000013b09f54110_0, 0, 5;
    %load/vec4 v0000013b09f54110_0;
    %cmpi/u 4, 0, 5;
    %flag_or 5, 4;
    %jmp/0xz  T_9.0, 5;
    %pushi/vec4 0, 0, 2;
    %store/vec4 v0000013b09f54390_0, 0, 2;
    %jmp T_9.1;
T_9.0 ;
    %load/vec4 v0000013b09f54110_0;
    %cmpi/u 11, 0, 5;
    %flag_inv 5; GE is !LT
    %jmp/0xz  T_9.2, 5;
    %pushi/vec4 2, 0, 2;
    %store/vec4 v0000013b09f54390_0, 0, 2;
    %jmp T_9.3;
T_9.2 ;
    %pushi/vec4 1, 0, 2;
    %store/vec4 v0000013b09f54390_0, 0, 2;
T_9.3 ;
T_9.1 ;
    %jmp T_9;
    .thread T_9, $push;
    .scope S_0000013b09e5dd50;
T_10 ;
    %wait E_0000013b09e6b510;
    %load/vec4 v0000013b09f54750_0;
    %flag_set/vec4 8;
    %jmp/0xz  T_10.0, 8;
    %pushi/vec4 0, 0, 2;
    %assign/vec4 v0000013b09f55470_0, 0;
    %pushi/vec4 0, 0, 1;
    %assign/vec4 v0000013b09f54430_0, 0;
    %pushi/vec4 0, 0, 1;
    %assign/vec4 v0000013b09f55fb0_0, 0;
    %jmp T_10.1;
T_10.0 ;
    %load/vec4 v0000013b09f55470_0;
    %dup/vec4;
    %pushi/vec4 0, 0, 2;
    %cmp/u;
    %jmp/1 T_10.2, 6;
    %dup/vec4;
    %pushi/vec4 1, 0, 2;
    %cmp/u;
    %jmp/1 T_10.3, 6;
    %dup/vec4;
    %pushi/vec4 2, 0, 2;
    %cmp/u;
    %jmp/1 T_10.4, 6;
    %pushi/vec4 0, 0, 2;
    %assign/vec4 v0000013b09f55470_0, 0;
    %pushi/vec4 0, 0, 1;
    %assign/vec4 v0000013b09f54430_0, 0;
    %pushi/vec4 0, 0, 1;
    %assign/vec4 v0000013b09f55fb0_0, 0;
    %jmp T_10.6;
T_10.2 ;
    %pushi/vec4 0, 0, 1;
    %assign/vec4 v0000013b09f54430_0, 0;
    %pushi/vec4 0, 0, 1;
    %assign/vec4 v0000013b09f55fb0_0, 0;
    %load/vec4 v0000013b09f542f0_0;
    %dup/vec4;
    %pushi/vec4 2, 0, 2;
    %cmp/u;
    %jmp/1 T_10.7, 6;
    %dup/vec4;
    %pushi/vec4 1, 0, 2;
    %cmp/u;
    %jmp/1 T_10.8, 6;
    %pushi/vec4 0, 0, 2;
    %assign/vec4 v0000013b09f55470_0, 0;
    %jmp T_10.10;
T_10.7 ;
    %load/vec4 v0000013b09f549d0_0;
    %cmpi/u 14, 0, 5;
    %flag_inv 5; GE is !LT
    %jmp/0xz  T_10.11, 5;
    %pushi/vec4 2, 0, 2;
    %assign/vec4 v0000013b09f55470_0, 0;
    %jmp T_10.12;
T_10.11 ;
    %pushi/vec4 1, 0, 2;
    %assign/vec4 v0000013b09f55470_0, 0;
T_10.12 ;
    %jmp T_10.10;
T_10.8 ;
    %pushi/vec4 1, 0, 2;
    %assign/vec4 v0000013b09f55470_0, 0;
    %jmp T_10.10;
T_10.10 ;
    %pop/vec4 1;
    %jmp T_10.6;
T_10.3 ;
    %pushi/vec4 0, 0, 1;
    %assign/vec4 v0000013b09f55fb0_0, 0;
    %load/vec4 v0000013b09f542f0_0;
    %dup/vec4;
    %pushi/vec4 0, 0, 2;
    %cmp/u;
    %jmp/1 T_10.13, 6;
    %dup/vec4;
    %pushi/vec4 2, 0, 2;
    %cmp/u;
    %jmp/1 T_10.14, 6;
    %pushi/vec4 1, 0, 2;
    %assign/vec4 v0000013b09f55470_0, 0;
    %pushi/vec4 0, 0, 1;
    %assign/vec4 v0000013b09f54430_0, 0;
    %jmp T_10.16;
T_10.13 ;
    %load/vec4 v0000013b09f54430_0;
    %flag_set/vec4 8;
    %jmp/0xz  T_10.17, 8;
    %pushi/vec4 0, 0, 2;
    %assign/vec4 v0000013b09f55470_0, 0;
    %pushi/vec4 0, 0, 1;
    %assign/vec4 v0000013b09f54430_0, 0;
    %jmp T_10.18;
T_10.17 ;
    %pushi/vec4 1, 0, 2;
    %assign/vec4 v0000013b09f55470_0, 0;
    %pushi/vec4 1, 0, 1;
    %assign/vec4 v0000013b09f54430_0, 0;
T_10.18 ;
    %jmp T_10.16;
T_10.14 ;
    %pushi/vec4 2, 0, 2;
    %assign/vec4 v0000013b09f55470_0, 0;
    %pushi/vec4 0, 0, 1;
    %assign/vec4 v0000013b09f54430_0, 0;
    %jmp T_10.16;
T_10.16 ;
    %pop/vec4 1;
    %jmp T_10.6;
T_10.4 ;
    %pushi/vec4 0, 0, 1;
    %assign/vec4 v0000013b09f54430_0, 0;
    %load/vec4 v0000013b09f542f0_0;
    %dup/vec4;
    %pushi/vec4 0, 0, 2;
    %cmp/u;
    %jmp/1 T_10.19, 6;
    %dup/vec4;
    %pushi/vec4 1, 0, 2;
    %cmp/u;
    %jmp/1 T_10.20, 6;
    %pushi/vec4 2, 0, 2;
    %assign/vec4 v0000013b09f55470_0, 0;
    %pushi/vec4 0, 0, 1;
    %assign/vec4 v0000013b09f55fb0_0, 0;
    %jmp T_10.22;
T_10.19 ;
    %pushi/vec4 1, 0, 2;
    %assign/vec4 v0000013b09f55470_0, 0;
    %pushi/vec4 1, 0, 1;
    %assign/vec4 v0000013b09f54430_0, 0;
    %pushi/vec4 0, 0, 1;
    %assign/vec4 v0000013b09f55fb0_0, 0;
    %jmp T_10.22;
T_10.20 ;
    %load/vec4 v0000013b09f55fb0_0;
    %flag_set/vec4 8;
    %jmp/0xz  T_10.23, 8;
    %pushi/vec4 1, 0, 2;
    %assign/vec4 v0000013b09f55470_0, 0;
    %pushi/vec4 0, 0, 1;
    %assign/vec4 v0000013b09f55fb0_0, 0;
    %jmp T_10.24;
T_10.23 ;
    %pushi/vec4 2, 0, 2;
    %assign/vec4 v0000013b09f55470_0, 0;
    %pushi/vec4 1, 0, 1;
    %assign/vec4 v0000013b09f55fb0_0, 0;
T_10.24 ;
    %jmp T_10.22;
T_10.22 ;
    %pop/vec4 1;
    %jmp T_10.6;
T_10.6 ;
    %pop/vec4 1;
T_10.1 ;
    %jmp T_10;
    .thread T_10;
    .scope S_0000013b09e13910;
T_11 ;
    %delay 5000, 0;
    %load/vec4 v0000013b09f54cf0_0;
    %inv;
    %store/vec4 v0000013b09f54cf0_0, 0, 1;
    %jmp T_11;
    .thread T_11;
    .scope S_0000013b09e13910;
T_12 ;
    %pushi/vec4 0, 0, 1;
    %store/vec4 v0000013b09f54cf0_0, 0, 1;
    %pushi/vec4 1, 0, 1;
    %store/vec4 v0000013b09f56da0_0, 0, 1;
    %pushi/vec4 0, 0, 8;
    %store/vec4 v0000013b09f55650_0, 0, 8;
    %pushi/vec4 0, 0, 8;
    %store/vec4 v0000013b09f55d30_0, 0, 8;
    %pushi/vec4 0, 0, 8;
    %store/vec4 v0000013b09f561c0_0, 0, 8;
    %pushi/vec4 0, 0, 8;
    %store/vec4 v0000013b09f54f70_0, 0, 8;
    %pushi/vec4 0, 0, 32;
    %store/vec4 v0000013b09f556f0_0, 0, 32;
    %wait E_0000013b09e6b4d0;
    %wait E_0000013b09e6b4d0;
    %wait E_0000013b09e6b490;
    %pushi/vec4 80, 0, 8;
    %store/vec4 v0000013b09f55650_0, 0, 8;
    %pushi/vec4 20, 0, 8;
    %store/vec4 v0000013b09f55d30_0, 0, 8;
    %pushi/vec4 30, 0, 8;
    %store/vec4 v0000013b09f561c0_0, 0, 8;
    %pushi/vec4 15, 0, 8;
    %store/vec4 v0000013b09f54f70_0, 0, 8;
    %pushi/vec4 0, 0, 1;
    %store/vec4 v0000013b09f56da0_0, 0, 1;
    %alloc S_0000013b09e34ce0;
    %pushi/vec4 80, 0, 8;
    %store/vec4 v0000013b09e54db0_0, 0, 8;
    %pushi/vec4 20, 0, 8;
    %store/vec4 v0000013b09e54270_0, 0, 8;
    %pushi/vec4 30, 0, 8;
    %store/vec4 v0000013b09e55350_0, 0, 8;
    %pushi/vec4 15, 0, 8;
    %store/vec4 v0000013b09e55df0_0, 0, 8;
    %pushi/vec4 0, 0, 2;
    %store/vec4 v0000013b09e54f90_0, 0, 2;
    %pushi/vec4 0, 0, 2;
    %store/vec4 v0000013b09e54e50_0, 0, 2;
    %pushi/vec4 0, 0, 2;
    %store/vec4 v0000013b09e54630_0, 0, 2;
    %pushi/vec4 0, 0, 2;
    %store/vec4 v0000013b09e552b0_0, 0, 2;
    %pushi/vec4 0, 0, 5;
    %store/vec4 v0000013b09e543b0_0, 0, 5;
    %pushi/vec4 0, 0, 2;
    %store/vec4 v0000013b09e55530_0, 0, 2;
    %fork TD_pain_classification_pipeline_tb.check_raw_outputs, S_0000013b09e34ce0;
    %join;
    %free S_0000013b09e34ce0;
    %alloc S_0000013b09ebecb0;
    %pushi/vec4 0, 0, 2;
    %store/vec4 v0000013b09e553f0_0, 0, 2;
    %fork TD_pain_classification_pipeline_tb.check_state_after_second_clock, S_0000013b09ebecb0;
    %join;
    %free S_0000013b09ebecb0;
    %alloc S_0000013b09e34b50;
    %pushi/vec4 50, 0, 8;
    %store/vec4 v0000013b09e55990_0, 0, 8;
    %pushi/vec4 50, 0, 8;
    %store/vec4 v0000013b09e54ef0_0, 0, 8;
    %pushi/vec4 40, 0, 8;
    %store/vec4 v0000013b09e55170_0, 0, 8;
    %pushi/vec4 45, 0, 8;
    %store/vec4 v0000013b09e54d10_0, 0, 8;
    %pushi/vec4 1, 0, 2;
    %store/vec4 v0000013b09e550d0_0, 0, 2;
    %pushi/vec4 1, 0, 2;
    %store/vec4 v0000013b09e54bd0_0, 0, 2;
    %pushi/vec4 1, 0, 2;
    %store/vec4 v0000013b09e55490_0, 0, 2;
    %pushi/vec4 1, 0, 2;
    %store/vec4 v0000013b09e55d50_0, 0, 2;
    %pushi/vec4 8, 0, 5;
    %store/vec4 v0000013b09e54c70_0, 0, 5;
    %pushi/vec4 1, 0, 2;
    %store/vec4 v0000013b09e557b0_0, 0, 2;
    %pushi/vec4 1, 0, 2;
    %store/vec4 v0000013b09e55cb0_0, 0, 2;
    %fork TD_pain_classification_pipeline_tb.apply_vector_and_check, S_0000013b09e34b50;
    %join;
    %free S_0000013b09e34b50;
    %alloc S_0000013b09e34b50;
    %pushi/vec4 20, 0, 8;
    %store/vec4 v0000013b09e55990_0, 0, 8;
    %pushi/vec4 80, 0, 8;
    %store/vec4 v0000013b09e54ef0_0, 0, 8;
    %pushi/vec4 60, 0, 8;
    %store/vec4 v0000013b09e55170_0, 0, 8;
    %pushi/vec4 85, 0, 8;
    %store/vec4 v0000013b09e54d10_0, 0, 8;
    %pushi/vec4 2, 0, 2;
    %store/vec4 v0000013b09e550d0_0, 0, 2;
    %pushi/vec4 2, 0, 2;
    %store/vec4 v0000013b09e54bd0_0, 0, 2;
    %pushi/vec4 2, 0, 2;
    %store/vec4 v0000013b09e55490_0, 0, 2;
    %pushi/vec4 2, 0, 2;
    %store/vec4 v0000013b09e55d50_0, 0, 2;
    %pushi/vec4 16, 0, 5;
    %store/vec4 v0000013b09e54c70_0, 0, 5;
    %pushi/vec4 2, 0, 2;
    %store/vec4 v0000013b09e557b0_0, 0, 2;
    %pushi/vec4 2, 0, 2;
    %store/vec4 v0000013b09e55cb0_0, 0, 2;
    %fork TD_pain_classification_pipeline_tb.apply_vector_and_check, S_0000013b09e34b50;
    %join;
    %free S_0000013b09e34b50;
    %alloc S_0000013b09ebee40;
    %pushi/vec4 80, 0, 8;
    %store/vec4 v0000013b09e555d0_0, 0, 8;
    %pushi/vec4 20, 0, 8;
    %store/vec4 v0000013b09e55850_0, 0, 8;
    %pushi/vec4 30, 0, 8;
    %store/vec4 v0000013b09e54770_0, 0, 8;
    %pushi/vec4 15, 0, 8;
    %store/vec4 v0000013b09e546d0_0, 0, 8;
    %fork TD_pain_classification_pipeline_tb.drive_vector, S_0000013b09ebee40;
    %join;
    %free S_0000013b09ebee40;
    %alloc S_0000013b09e34ce0;
    %pushi/vec4 80, 0, 8;
    %store/vec4 v0000013b09e54db0_0, 0, 8;
    %pushi/vec4 20, 0, 8;
    %store/vec4 v0000013b09e54270_0, 0, 8;
    %pushi/vec4 30, 0, 8;
    %store/vec4 v0000013b09e55350_0, 0, 8;
    %pushi/vec4 15, 0, 8;
    %store/vec4 v0000013b09e55df0_0, 0, 8;
    %pushi/vec4 0, 0, 2;
    %store/vec4 v0000013b09e54f90_0, 0, 2;
    %pushi/vec4 0, 0, 2;
    %store/vec4 v0000013b09e54e50_0, 0, 2;
    %pushi/vec4 0, 0, 2;
    %store/vec4 v0000013b09e54630_0, 0, 2;
    %pushi/vec4 0, 0, 2;
    %store/vec4 v0000013b09e552b0_0, 0, 2;
    %pushi/vec4 0, 0, 5;
    %store/vec4 v0000013b09e543b0_0, 0, 5;
    %pushi/vec4 0, 0, 2;
    %store/vec4 v0000013b09e55530_0, 0, 2;
    %fork TD_pain_classification_pipeline_tb.check_raw_outputs, S_0000013b09e34ce0;
    %join;
    %free S_0000013b09e34ce0;
    %alloc S_0000013b09ebecb0;
    %pushi/vec4 1, 0, 2;
    %store/vec4 v0000013b09e553f0_0, 0, 2;
    %fork TD_pain_classification_pipeline_tb.check_state_after_second_clock, S_0000013b09ebecb0;
    %join;
    %free S_0000013b09ebecb0;
    %alloc S_0000013b09ebee40;
    %pushi/vec4 80, 0, 8;
    %store/vec4 v0000013b09e555d0_0, 0, 8;
    %pushi/vec4 20, 0, 8;
    %store/vec4 v0000013b09e55850_0, 0, 8;
    %pushi/vec4 30, 0, 8;
    %store/vec4 v0000013b09e54770_0, 0, 8;
    %pushi/vec4 15, 0, 8;
    %store/vec4 v0000013b09e546d0_0, 0, 8;
    %fork TD_pain_classification_pipeline_tb.drive_vector, S_0000013b09ebee40;
    %join;
    %free S_0000013b09ebee40;
    %alloc S_0000013b09e34ce0;
    %pushi/vec4 80, 0, 8;
    %store/vec4 v0000013b09e54db0_0, 0, 8;
    %pushi/vec4 20, 0, 8;
    %store/vec4 v0000013b09e54270_0, 0, 8;
    %pushi/vec4 30, 0, 8;
    %store/vec4 v0000013b09e55350_0, 0, 8;
    %pushi/vec4 15, 0, 8;
    %store/vec4 v0000013b09e55df0_0, 0, 8;
    %pushi/vec4 0, 0, 2;
    %store/vec4 v0000013b09e54f90_0, 0, 2;
    %pushi/vec4 0, 0, 2;
    %store/vec4 v0000013b09e54e50_0, 0, 2;
    %pushi/vec4 0, 0, 2;
    %store/vec4 v0000013b09e54630_0, 0, 2;
    %pushi/vec4 0, 0, 2;
    %store/vec4 v0000013b09e552b0_0, 0, 2;
    %pushi/vec4 0, 0, 5;
    %store/vec4 v0000013b09e543b0_0, 0, 5;
    %pushi/vec4 0, 0, 2;
    %store/vec4 v0000013b09e55530_0, 0, 2;
    %fork TD_pain_classification_pipeline_tb.check_raw_outputs, S_0000013b09e34ce0;
    %join;
    %free S_0000013b09e34ce0;
    %alloc S_0000013b09ebecb0;
    %pushi/vec4 0, 0, 2;
    %store/vec4 v0000013b09e553f0_0, 0, 2;
    %fork TD_pain_classification_pipeline_tb.check_state_after_second_clock, S_0000013b09ebecb0;
    %join;
    %free S_0000013b09ebecb0;
    %alloc S_0000013b09ebee40;
    %pushi/vec4 20, 0, 8;
    %store/vec4 v0000013b09e555d0_0, 0, 8;
    %pushi/vec4 80, 0, 8;
    %store/vec4 v0000013b09e55850_0, 0, 8;
    %pushi/vec4 40, 0, 8;
    %store/vec4 v0000013b09e54770_0, 0, 8;
    %pushi/vec4 45, 0, 8;
    %store/vec4 v0000013b09e546d0_0, 0, 8;
    %fork TD_pain_classification_pipeline_tb.drive_vector, S_0000013b09ebee40;
    %join;
    %free S_0000013b09ebee40;
    %alloc S_0000013b09e34ce0;
    %pushi/vec4 20, 0, 8;
    %store/vec4 v0000013b09e54db0_0, 0, 8;
    %pushi/vec4 80, 0, 8;
    %store/vec4 v0000013b09e54270_0, 0, 8;
    %pushi/vec4 40, 0, 8;
    %store/vec4 v0000013b09e55350_0, 0, 8;
    %pushi/vec4 45, 0, 8;
    %store/vec4 v0000013b09e55df0_0, 0, 8;
    %pushi/vec4 2, 0, 2;
    %store/vec4 v0000013b09e54f90_0, 0, 2;
    %pushi/vec4 2, 0, 2;
    %store/vec4 v0000013b09e54e50_0, 0, 2;
    %pushi/vec4 1, 0, 2;
    %store/vec4 v0000013b09e54630_0, 0, 2;
    %pushi/vec4 1, 0, 2;
    %store/vec4 v0000013b09e552b0_0, 0, 2;
    %pushi/vec4 12, 0, 5;
    %store/vec4 v0000013b09e543b0_0, 0, 5;
    %pushi/vec4 2, 0, 2;
    %store/vec4 v0000013b09e55530_0, 0, 2;
    %fork TD_pain_classification_pipeline_tb.check_raw_outputs, S_0000013b09e34ce0;
    %join;
    %free S_0000013b09e34ce0;
    %alloc S_0000013b09ebecb0;
    %pushi/vec4 1, 0, 2;
    %store/vec4 v0000013b09e553f0_0, 0, 2;
    %fork TD_pain_classification_pipeline_tb.check_state_after_second_clock, S_0000013b09ebecb0;
    %join;
    %free S_0000013b09ebecb0;
    %alloc S_0000013b09ebee40;
    %pushi/vec4 20, 0, 8;
    %store/vec4 v0000013b09e555d0_0, 0, 8;
    %pushi/vec4 80, 0, 8;
    %store/vec4 v0000013b09e55850_0, 0, 8;
    %pushi/vec4 40, 0, 8;
    %store/vec4 v0000013b09e54770_0, 0, 8;
    %pushi/vec4 45, 0, 8;
    %store/vec4 v0000013b09e546d0_0, 0, 8;
    %fork TD_pain_classification_pipeline_tb.drive_vector, S_0000013b09ebee40;
    %join;
    %free S_0000013b09ebee40;
    %alloc S_0000013b09e34ce0;
    %pushi/vec4 20, 0, 8;
    %store/vec4 v0000013b09e54db0_0, 0, 8;
    %pushi/vec4 80, 0, 8;
    %store/vec4 v0000013b09e54270_0, 0, 8;
    %pushi/vec4 40, 0, 8;
    %store/vec4 v0000013b09e55350_0, 0, 8;
    %pushi/vec4 45, 0, 8;
    %store/vec4 v0000013b09e55df0_0, 0, 8;
    %pushi/vec4 2, 0, 2;
    %store/vec4 v0000013b09e54f90_0, 0, 2;
    %pushi/vec4 2, 0, 2;
    %store/vec4 v0000013b09e54e50_0, 0, 2;
    %pushi/vec4 1, 0, 2;
    %store/vec4 v0000013b09e54630_0, 0, 2;
    %pushi/vec4 1, 0, 2;
    %store/vec4 v0000013b09e552b0_0, 0, 2;
    %pushi/vec4 12, 0, 5;
    %store/vec4 v0000013b09e543b0_0, 0, 5;
    %pushi/vec4 2, 0, 2;
    %store/vec4 v0000013b09e55530_0, 0, 2;
    %fork TD_pain_classification_pipeline_tb.check_raw_outputs, S_0000013b09e34ce0;
    %join;
    %free S_0000013b09e34ce0;
    %alloc S_0000013b09ebecb0;
    %pushi/vec4 2, 0, 2;
    %store/vec4 v0000013b09e553f0_0, 0, 2;
    %fork TD_pain_classification_pipeline_tb.check_state_after_second_clock, S_0000013b09ebecb0;
    %join;
    %free S_0000013b09ebecb0;
    %alloc S_0000013b09ebee40;
    %pushi/vec4 50, 0, 8;
    %store/vec4 v0000013b09e555d0_0, 0, 8;
    %pushi/vec4 50, 0, 8;
    %store/vec4 v0000013b09e55850_0, 0, 8;
    %pushi/vec4 40, 0, 8;
    %store/vec4 v0000013b09e54770_0, 0, 8;
    %pushi/vec4 45, 0, 8;
    %store/vec4 v0000013b09e546d0_0, 0, 8;
    %fork TD_pain_classification_pipeline_tb.drive_vector, S_0000013b09ebee40;
    %join;
    %free S_0000013b09ebee40;
    %alloc S_0000013b09e34ce0;
    %pushi/vec4 50, 0, 8;
    %store/vec4 v0000013b09e54db0_0, 0, 8;
    %pushi/vec4 50, 0, 8;
    %store/vec4 v0000013b09e54270_0, 0, 8;
    %pushi/vec4 40, 0, 8;
    %store/vec4 v0000013b09e55350_0, 0, 8;
    %pushi/vec4 45, 0, 8;
    %store/vec4 v0000013b09e55df0_0, 0, 8;
    %pushi/vec4 1, 0, 2;
    %store/vec4 v0000013b09e54f90_0, 0, 2;
    %pushi/vec4 1, 0, 2;
    %store/vec4 v0000013b09e54e50_0, 0, 2;
    %pushi/vec4 1, 0, 2;
    %store/vec4 v0000013b09e54630_0, 0, 2;
    %pushi/vec4 1, 0, 2;
    %store/vec4 v0000013b09e552b0_0, 0, 2;
    %pushi/vec4 8, 0, 5;
    %store/vec4 v0000013b09e543b0_0, 0, 5;
    %pushi/vec4 1, 0, 2;
    %store/vec4 v0000013b09e55530_0, 0, 2;
    %fork TD_pain_classification_pipeline_tb.check_raw_outputs, S_0000013b09e34ce0;
    %join;
    %free S_0000013b09e34ce0;
    %alloc S_0000013b09ebecb0;
    %pushi/vec4 2, 0, 2;
    %store/vec4 v0000013b09e553f0_0, 0, 2;
    %fork TD_pain_classification_pipeline_tb.check_state_after_second_clock, S_0000013b09ebecb0;
    %join;
    %free S_0000013b09ebecb0;
    %alloc S_0000013b09ebee40;
    %pushi/vec4 50, 0, 8;
    %store/vec4 v0000013b09e555d0_0, 0, 8;
    %pushi/vec4 50, 0, 8;
    %store/vec4 v0000013b09e55850_0, 0, 8;
    %pushi/vec4 40, 0, 8;
    %store/vec4 v0000013b09e54770_0, 0, 8;
    %pushi/vec4 45, 0, 8;
    %store/vec4 v0000013b09e546d0_0, 0, 8;
    %fork TD_pain_classification_pipeline_tb.drive_vector, S_0000013b09ebee40;
    %join;
    %free S_0000013b09ebee40;
    %alloc S_0000013b09e34ce0;
    %pushi/vec4 50, 0, 8;
    %store/vec4 v0000013b09e54db0_0, 0, 8;
    %pushi/vec4 50, 0, 8;
    %store/vec4 v0000013b09e54270_0, 0, 8;
    %pushi/vec4 40, 0, 8;
    %store/vec4 v0000013b09e55350_0, 0, 8;
    %pushi/vec4 45, 0, 8;
    %store/vec4 v0000013b09e55df0_0, 0, 8;
    %pushi/vec4 1, 0, 2;
    %store/vec4 v0000013b09e54f90_0, 0, 2;
    %pushi/vec4 1, 0, 2;
    %store/vec4 v0000013b09e54e50_0, 0, 2;
    %pushi/vec4 1, 0, 2;
    %store/vec4 v0000013b09e54630_0, 0, 2;
    %pushi/vec4 1, 0, 2;
    %store/vec4 v0000013b09e552b0_0, 0, 2;
    %pushi/vec4 8, 0, 5;
    %store/vec4 v0000013b09e543b0_0, 0, 5;
    %pushi/vec4 1, 0, 2;
    %store/vec4 v0000013b09e55530_0, 0, 2;
    %fork TD_pain_classification_pipeline_tb.check_raw_outputs, S_0000013b09e34ce0;
    %join;
    %free S_0000013b09e34ce0;
    %alloc S_0000013b09ebecb0;
    %pushi/vec4 1, 0, 2;
    %store/vec4 v0000013b09e553f0_0, 0, 2;
    %fork TD_pain_classification_pipeline_tb.check_state_after_second_clock, S_0000013b09ebecb0;
    %join;
    %free S_0000013b09ebecb0;
    %alloc S_0000013b09e34b50;
    %pushi/vec4 20, 0, 8;
    %store/vec4 v0000013b09e55990_0, 0, 8;
    %pushi/vec4 80, 0, 8;
    %store/vec4 v0000013b09e54ef0_0, 0, 8;
    %pushi/vec4 60, 0, 8;
    %store/vec4 v0000013b09e55170_0, 0, 8;
    %pushi/vec4 85, 0, 8;
    %store/vec4 v0000013b09e54d10_0, 0, 8;
    %pushi/vec4 2, 0, 2;
    %store/vec4 v0000013b09e550d0_0, 0, 2;
    %pushi/vec4 2, 0, 2;
    %store/vec4 v0000013b09e54bd0_0, 0, 2;
    %pushi/vec4 2, 0, 2;
    %store/vec4 v0000013b09e55490_0, 0, 2;
    %pushi/vec4 2, 0, 2;
    %store/vec4 v0000013b09e55d50_0, 0, 2;
    %pushi/vec4 16, 0, 5;
    %store/vec4 v0000013b09e54c70_0, 0, 5;
    %pushi/vec4 2, 0, 2;
    %store/vec4 v0000013b09e557b0_0, 0, 2;
    %pushi/vec4 2, 0, 2;
    %store/vec4 v0000013b09e55cb0_0, 0, 2;
    %fork TD_pain_classification_pipeline_tb.apply_vector_and_check, S_0000013b09e34b50;
    %join;
    %free S_0000013b09e34b50;
    %alloc S_0000013b09e34b50;
    %pushi/vec4 80, 0, 8;
    %store/vec4 v0000013b09e55990_0, 0, 8;
    %pushi/vec4 20, 0, 8;
    %store/vec4 v0000013b09e54ef0_0, 0, 8;
    %pushi/vec4 55, 0, 8;
    %store/vec4 v0000013b09e55170_0, 0, 8;
    %pushi/vec4 10, 0, 8;
    %store/vec4 v0000013b09e54d10_0, 0, 8;
    %pushi/vec4 0, 0, 2;
    %store/vec4 v0000013b09e550d0_0, 0, 2;
    %pushi/vec4 0, 0, 2;
    %store/vec4 v0000013b09e54bd0_0, 0, 2;
    %pushi/vec4 2, 0, 2;
    %store/vec4 v0000013b09e55490_0, 0, 2;
    %pushi/vec4 0, 0, 2;
    %store/vec4 v0000013b09e55d50_0, 0, 2;
    %pushi/vec4 2, 0, 5;
    %store/vec4 v0000013b09e54c70_0, 0, 5;
    %pushi/vec4 0, 0, 2;
    %store/vec4 v0000013b09e557b0_0, 0, 2;
    %pushi/vec4 1, 0, 2;
    %store/vec4 v0000013b09e55cb0_0, 0, 2;
    %fork TD_pain_classification_pipeline_tb.apply_vector_and_check, S_0000013b09e34b50;
    %join;
    %free S_0000013b09e34b50;
    %alloc S_0000013b09ebee40;
    %pushi/vec4 80, 0, 8;
    %store/vec4 v0000013b09e555d0_0, 0, 8;
    %pushi/vec4 20, 0, 8;
    %store/vec4 v0000013b09e55850_0, 0, 8;
    %pushi/vec4 30, 0, 8;
    %store/vec4 v0000013b09e54770_0, 0, 8;
    %pushi/vec4 15, 0, 8;
    %store/vec4 v0000013b09e546d0_0, 0, 8;
    %fork TD_pain_classification_pipeline_tb.drive_vector, S_0000013b09ebee40;
    %join;
    %free S_0000013b09ebee40;
    %alloc S_0000013b09e34ce0;
    %pushi/vec4 80, 0, 8;
    %store/vec4 v0000013b09e54db0_0, 0, 8;
    %pushi/vec4 20, 0, 8;
    %store/vec4 v0000013b09e54270_0, 0, 8;
    %pushi/vec4 30, 0, 8;
    %store/vec4 v0000013b09e55350_0, 0, 8;
    %pushi/vec4 15, 0, 8;
    %store/vec4 v0000013b09e55df0_0, 0, 8;
    %pushi/vec4 0, 0, 2;
    %store/vec4 v0000013b09e54f90_0, 0, 2;
    %pushi/vec4 0, 0, 2;
    %store/vec4 v0000013b09e54e50_0, 0, 2;
    %pushi/vec4 0, 0, 2;
    %store/vec4 v0000013b09e54630_0, 0, 2;
    %pushi/vec4 0, 0, 2;
    %store/vec4 v0000013b09e552b0_0, 0, 2;
    %pushi/vec4 0, 0, 5;
    %store/vec4 v0000013b09e543b0_0, 0, 5;
    %pushi/vec4 0, 0, 2;
    %store/vec4 v0000013b09e55530_0, 0, 2;
    %fork TD_pain_classification_pipeline_tb.check_raw_outputs, S_0000013b09e34ce0;
    %join;
    %free S_0000013b09e34ce0;
    %alloc S_0000013b09ebecb0;
    %pushi/vec4 0, 0, 2;
    %store/vec4 v0000013b09e553f0_0, 0, 2;
    %fork TD_pain_classification_pipeline_tb.check_state_after_second_clock, S_0000013b09ebecb0;
    %join;
    %free S_0000013b09ebecb0;
    %load/vec4 v0000013b09f556f0_0;
    %cmpi/e 0, 0, 32;
    %jmp/0xz  T_12.0, 4;
    %vpi_call/w 3 220 "$display", "PASS: pain classification pipeline checks succeeded." {0 0 0};
    %jmp T_12.1;
T_12.0 ;
    %vpi_call/w 3 222 "$display", "FAIL: pain classification pipeline found %0d error(s).", v0000013b09f556f0_0 {0 0 0};
T_12.1 ;
    %vpi_call/w 3 225 "$finish" {0 0 0};
    %end;
    .thread T_12;
    .scope S_0000013b09e13910;
T_13 ;
    %vpi_call/w 3 229 "$monitor", "Time=%0t | alpha=%0d | beta=%0d | theta=%0d | gsr=%0d | vector=%h | score=%0d | raw=%0d | state=%0d", $time, v0000013b09f55650_0, v0000013b09f55d30_0, v0000013b09f561c0_0, v0000013b09f54f70_0, v0000013b09f54d90_0, v0000013b09f572a0_0, v0000013b09f56760_0, v0000013b09f57520_0 {0 0 0};
    %end;
    .thread T_13;
# The file index is used to find the file name in the following table.
:file_names 10;
    "N/A";
    "<interactive>";
    "-";
    "Testbench\pain_classification_pipeline_tb.v";
    "RTL\pain_classification_pipeline.v";
    "RTL\feature_vector_generator.v";
    "RTL\pain_classification_engine.v";
    "RTL\feature_threshold_comparator.v";
    "RTL\pain_classification_logic.v";
    "RTL\pain_classifier_fsm.v";
