#! /mingw64/bin/vvp
:ivl_version "12.0 (stable)";
:ivl_delay_selection "TYPICAL";
:vpi_time_precision - 12;
:vpi_module "C:\msys64\mingw64\lib\ivl\system.vpi";
:vpi_module "C:\msys64\mingw64\lib\ivl\vhdl_sys.vpi";
:vpi_module "C:\msys64\mingw64\lib\ivl\vhdl_textio.vpi";
:vpi_module "C:\msys64\mingw64\lib\ivl\v2005_math.vpi";
:vpi_module "C:\msys64\mingw64\lib\ivl\va_math.vpi";
:vpi_module "C:\msys64\mingw64\lib\ivl\v2009.vpi";
S_00000219c6850c70 .scope package, "$unit" "$unit" 2 1;
 .timescale 0 0;
S_00000219c6850e00 .scope module, "power_tb" "power_tb" 3 3;
 .timescale -9 -12;
P_00000219c6816a10 .param/l "WINDOW_SIZE" 0 3 6, +C4<00000000000000000000000000000100>;
P_00000219c6816a48 .param/l "input_width" 0 3 5, +C4<00000000000000000000000000001000>;
v00000219c68b23f0_0 .var "clk", 0 0;
v00000219c68b3ed0_0 .var/i "error_count", 31 0;
v00000219c68b34d0_0 .var "feature_signal", 7 0;
v00000219c68b37f0_0 .net "power_out", 15 0, v00000219c68b28f0_0;  1 drivers
v00000219c68b25d0_0 .net "power_valid", 0 0, v00000219c68b3e30_0;  1 drivers
v00000219c68b4010_0 .var "reset", 0 0;
E_00000219c68440c0 .event negedge, v00000219c68b2990_0;
E_00000219c6844180 .event posedge, v00000219c68b2990_0;
S_00000219c68160d0 .scope autotask, "apply_sample_and_check" "apply_sample_and_check" 3 30, 3 30 0, S_00000219c6850e00;
 .timescale -9 -12;
v00000219c68401f0_0 .var "expected_power", 15 0;
v00000219c6840970_0 .var "expected_valid", 0 0;
v00000219c683fc50_0 .var "sample_value", 7 0;
TD_power_tb.apply_sample_and_check ;
    %wait E_00000219c68440c0;
    %load/vec4 v00000219c683fc50_0;
    %store/vec4 v00000219c68b34d0_0, 0, 8;
    %wait E_00000219c6844180;
    %delay 1000, 0;
    %load/vec4 v00000219c68b25d0_0;
    %load/vec4 v00000219c6840970_0;
    %cmp/ne;
    %jmp/0xz  T_0.0, 6;
    %vpi_call/w 3 41 "$display", "FAIL: sample=%0d expected valid=%0b got=%0b", v00000219c683fc50_0, v00000219c6840970_0, v00000219c68b25d0_0 {0 0 0};
    %load/vec4 v00000219c68b3ed0_0;
    %addi 1, 0, 32;
    %store/vec4 v00000219c68b3ed0_0, 0, 32;
T_0.0 ;
    %load/vec4 v00000219c6840970_0;
    %flag_set/vec4 9;
    %flag_get/vec4 9;
    %jmp/0 T_0.4, 9;
    %load/vec4 v00000219c68b37f0_0;
    %load/vec4 v00000219c68401f0_0;
    %cmp/ne;
    %flag_get/vec4 6;
    %and;
T_0.4;
    %flag_set/vec4 8;
    %jmp/0xz  T_0.2, 8;
    %vpi_call/w 3 47 "$display", "FAIL: sample=%0d expected power=%0d got=%0d", v00000219c683fc50_0, v00000219c68401f0_0, v00000219c68b37f0_0 {0 0 0};
    %load/vec4 v00000219c68b3ed0_0;
    %addi 1, 0, 32;
    %store/vec4 v00000219c68b3ed0_0, 0, 32;
T_0.2 ;
    %end;
S_00000219c6849380 .scope module, "dut" "power" 3 20, 4 1 0, S_00000219c6850e00;
 .timescale 0 0;
    .port_info 0 /INPUT 1 "clk";
    .port_info 1 /INPUT 1 "reset";
    .port_info 2 /INPUT 8 "feature_signal";
    .port_info 3 /OUTPUT 16 "power_out";
    .port_info 4 /OUTPUT 1 "power_valid";
P_00000219c6816260 .param/l "ACC_WIDTH" 1 4 24, +C4<00000000000000000000000000000000000000000000000000000000000010010>;
P_00000219c6816298 .param/l "INDEX_WIDTH" 1 4 23, +C4<00000000000000000000000000000010>;
P_00000219c68162d0 .param/l "SHIFT_BITS" 1 4 25, +C4<00000000000000000000000000000010>;
P_00000219c6816308 .param/l "SQUARE_WIDTH" 1 4 22, +C4<0000000000000000000000000000000000000000000000000000000000010000>;
P_00000219c6816340 .param/l "WINDOW_SIZE" 0 4 3, +C4<00000000000000000000000000000100>;
P_00000219c6816378 .param/l "input_width" 0 4 2, +C4<00000000000000000000000000001000>;
L_00000219c6858720 .functor BUFZ 16, L_00000219c68b2cb0, C4<0000000000000000>, C4<0000000000000000>, C4<0000000000000000>;
v00000219c683fe30_0 .net *"_ivl_0", 15 0, L_00000219c68b3250;  1 drivers
v00000219c68403d0_0 .net *"_ivl_10", 15 0, L_00000219c68b2cb0;  1 drivers
v00000219c683fed0_0 .net *"_ivl_12", 3 0, L_00000219c68b3c50;  1 drivers
L_00000219c68b41c8 .functor BUFT 1, C4<00>, C4<0>, C4<0>, C4<0>;
v00000219c683ff70_0 .net *"_ivl_15", 1 0, L_00000219c68b41c8;  1 drivers
v00000219c6840010_0 .net *"_ivl_18", 17 0, L_00000219c68b3570;  1 drivers
L_00000219c68b4210 .functor BUFT 1, C4<00>, C4<0>, C4<0>, C4<0>;
v00000219c6840330_0 .net *"_ivl_21", 1 0, L_00000219c68b4210;  1 drivers
v00000219c6840650_0 .net *"_ivl_22", 17 0, L_00000219c68b3930;  1 drivers
v00000219c6840470_0 .net *"_ivl_24", 17 0, L_00000219c68b39d0;  1 drivers
L_00000219c68b4258 .functor BUFT 1, C4<00>, C4<0>, C4<0>, C4<0>;
v00000219c68406f0_0 .net *"_ivl_27", 1 0, L_00000219c68b4258;  1 drivers
L_00000219c68b4138 .functor BUFT 1, C4<00000000>, C4<0>, C4<0>, C4<0>;
v00000219c6840790_0 .net *"_ivl_3", 7 0, L_00000219c68b4138;  1 drivers
v00000219c68b2a30_0 .net *"_ivl_4", 15 0, L_00000219c68b3890;  1 drivers
L_00000219c68b4180 .functor BUFT 1, C4<00000000>, C4<0>, C4<0>, C4<0>;
v00000219c68b36b0_0 .net *"_ivl_7", 7 0, L_00000219c68b4180;  1 drivers
v00000219c68b2990_0 .net "clk", 0 0, v00000219c68b23f0_0;  1 drivers
v00000219c68b2850_0 .net "feature_signal", 7 0, v00000219c68b34d0_0;  1 drivers
v00000219c68b3f70_0 .var/i "i", 31 0;
v00000219c68b2350_0 .net "newest_square", 15 0, L_00000219c68b2ad0;  1 drivers
v00000219c68b2b70_0 .net "oldest_square", 15 0, L_00000219c6858720;  1 drivers
v00000219c68b28f0_0 .var "power_out", 15 0;
v00000219c68b3e30_0 .var "power_valid", 0 0;
v00000219c68b3750_0 .net "reset", 0 0, v00000219c68b4010_0;  1 drivers
v00000219c68b2e90_0 .var "sample_count", 2 0;
v00000219c68b3d90 .array "square_buffer", 3 0, 15 0;
v00000219c68b3bb0_0 .var "sum_sq", 17 0;
v00000219c68b2210_0 .net "updated_sum", 17 0, L_00000219c68b2c10;  1 drivers
v00000219c68b3b10_0 .var "write_index", 1 0;
E_00000219c69fb1f0 .event posedge, v00000219c68b3750_0, v00000219c68b2990_0;
L_00000219c68b3250 .concat [ 8 8 0 0], v00000219c68b34d0_0, L_00000219c68b4138;
L_00000219c68b3890 .concat [ 8 8 0 0], v00000219c68b34d0_0, L_00000219c68b4180;
L_00000219c68b2ad0 .arith/mult 16, L_00000219c68b3250, L_00000219c68b3890;
L_00000219c68b2cb0 .array/port v00000219c68b3d90, L_00000219c68b3c50;
L_00000219c68b3c50 .concat [ 2 2 0 0], v00000219c68b3b10_0, L_00000219c68b41c8;
L_00000219c68b3570 .concat [ 16 2 0 0], L_00000219c68b2ad0, L_00000219c68b4210;
L_00000219c68b3930 .arith/sum 18, v00000219c68b3bb0_0, L_00000219c68b3570;
L_00000219c68b39d0 .concat [ 16 2 0 0], L_00000219c6858720, L_00000219c68b4258;
L_00000219c68b2c10 .arith/sub 18, L_00000219c68b3930, L_00000219c68b39d0;
S_00000219c68163c0 .scope function.vec4.u32, "clog2" "clog2" 4 12, 4 12 0, S_00000219c6849380;
 .timescale 0 0;
; Variable clog2 is vec4 return value of scope S_00000219c68163c0
v00000219c68400b0_0 .var/i "temp", 31 0;
v00000219c683fd90_0 .var/i "value", 31 0;
TD_power_tb.dut.clog2 ;
    %load/vec4 v00000219c683fd90_0;
    %subi 1, 0, 32;
    %store/vec4 v00000219c68400b0_0, 0, 32;
    %pushi/vec4 0, 0, 32;
    %ret/vec4 0, 0, 32;  Assign to clog2 (store_vec4_to_lval)
T_1.5 ;
    %load/vec4 v00000219c68400b0_0;
    %cmpi/s 0, 0, 32;
    %flag_or 5, 4; GT is !LE
    %flag_inv 5;
    %jmp/0xz T_1.6, 5;
    %load/vec4 v00000219c68400b0_0;
    %ix/load 4, 1, 0;
    %flag_set/imm 4, 0;
    %shiftr 4;
    %store/vec4 v00000219c68400b0_0, 0, 32;
    %retload/vec4 0; Load clog2 (draw_signal_vec4)
    %addi 1, 0, 32;
    %ret/vec4 0, 0, 32;  Assign to clog2 (store_vec4_to_lval)
    %jmp T_1.5;
T_1.6 ;
    %end;
    .scope S_00000219c6849380;
T_2 ;
    %wait E_00000219c69fb1f0;
    %load/vec4 v00000219c68b3750_0;
    %flag_set/vec4 8;
    %jmp/0xz  T_2.0, 8;
    %pushi/vec4 0, 0, 2;
    %assign/vec4 v00000219c68b3b10_0, 0;
    %pushi/vec4 0, 0, 3;
    %assign/vec4 v00000219c68b2e90_0, 0;
    %pushi/vec4 0, 0, 18;
    %assign/vec4 v00000219c68b3bb0_0, 0;
    %pushi/vec4 0, 0, 16;
    %assign/vec4 v00000219c68b28f0_0, 0;
    %pushi/vec4 0, 0, 1;
    %assign/vec4 v00000219c68b3e30_0, 0;
    %pushi/vec4 0, 0, 32;
    %store/vec4 v00000219c68b3f70_0, 0, 32;
T_2.2 ;
    %load/vec4 v00000219c68b3f70_0;
    %cmpi/s 4, 0, 32;
    %jmp/0xz T_2.3, 5;
    %pushi/vec4 0, 0, 16;
    %ix/getv/s 3, v00000219c68b3f70_0;
    %ix/load 4, 0, 0; Constant delay
    %assign/vec4/a/d v00000219c68b3d90, 0, 4;
    %load/vec4 v00000219c68b3f70_0;
    %addi 1, 0, 32;
    %store/vec4 v00000219c68b3f70_0, 0, 32;
    %jmp T_2.2;
T_2.3 ;
    %jmp T_2.1;
T_2.0 ;
    %load/vec4 v00000219c68b2350_0;
    %load/vec4 v00000219c68b3b10_0;
    %pad/u 4;
    %ix/vec4 3;
    %ix/load 4, 0, 0; Constant delay
    %assign/vec4/a/d v00000219c68b3d90, 0, 4;
    %load/vec4 v00000219c68b2210_0;
    %assign/vec4 v00000219c68b3bb0_0, 0;
    %load/vec4 v00000219c68b3b10_0;
    %pad/u 32;
    %cmpi/e 3, 0, 32;
    %jmp/0xz  T_2.4, 4;
    %pushi/vec4 0, 0, 2;
    %assign/vec4 v00000219c68b3b10_0, 0;
    %jmp T_2.5;
T_2.4 ;
    %load/vec4 v00000219c68b3b10_0;
    %addi 1, 0, 2;
    %assign/vec4 v00000219c68b3b10_0, 0;
T_2.5 ;
    %load/vec4 v00000219c68b2e90_0;
    %pad/u 32;
    %cmpi/u 4, 0, 32;
    %jmp/0xz  T_2.6, 5;
    %load/vec4 v00000219c68b2e90_0;
    %addi 1, 0, 3;
    %assign/vec4 v00000219c68b2e90_0, 0;
T_2.6 ;
    %load/vec4 v00000219c68b2e90_0;
    %pad/u 32;
    %cmpi/e 3, 0, 32;
    %jmp/0xz  T_2.8, 4;
    %pushi/vec4 1, 0, 1;
    %assign/vec4 v00000219c68b3e30_0, 0;
T_2.8 ;
    %load/vec4 v00000219c68b2e90_0;
    %pad/u 32;
    %cmpi/u 3, 0, 32;
    %flag_inv 5; GE is !LT
    %jmp/0xz  T_2.10, 5;
    %load/vec4 v00000219c68b2210_0;
    %ix/load 4, 2, 0;
    %flag_set/imm 4, 0;
    %shiftr 4;
    %pad/u 16;
    %assign/vec4 v00000219c68b28f0_0, 0;
T_2.10 ;
T_2.1 ;
    %jmp T_2;
    .thread T_2;
    .scope S_00000219c6850e00;
T_3 ;
    %delay 5000, 0;
    %load/vec4 v00000219c68b23f0_0;
    %inv;
    %store/vec4 v00000219c68b23f0_0, 0, 1;
    %jmp T_3;
    .thread T_3;
    .scope S_00000219c6850e00;
T_4 ;
    %pushi/vec4 0, 0, 1;
    %store/vec4 v00000219c68b23f0_0, 0, 1;
    %pushi/vec4 1, 0, 1;
    %store/vec4 v00000219c68b4010_0, 0, 1;
    %pushi/vec4 0, 0, 8;
    %store/vec4 v00000219c68b34d0_0, 0, 8;
    %pushi/vec4 0, 0, 32;
    %store/vec4 v00000219c68b3ed0_0, 0, 32;
    %wait E_00000219c6844180;
    %wait E_00000219c6844180;
    %wait E_00000219c68440c0;
    %pushi/vec4 2, 0, 8;
    %store/vec4 v00000219c68b34d0_0, 0, 8;
    %pushi/vec4 0, 0, 1;
    %store/vec4 v00000219c68b4010_0, 0, 1;
    %alloc S_00000219c68160d0;
    %pushi/vec4 4, 0, 8;
    %store/vec4 v00000219c683fc50_0, 0, 8;
    %pushi/vec4 0, 0, 1;
    %store/vec4 v00000219c6840970_0, 0, 1;
    %pushi/vec4 0, 0, 16;
    %store/vec4 v00000219c68401f0_0, 0, 16;
    %fork TD_power_tb.apply_sample_and_check, S_00000219c68160d0;
    %join;
    %free S_00000219c68160d0;
    %alloc S_00000219c68160d0;
    %pushi/vec4 6, 0, 8;
    %store/vec4 v00000219c683fc50_0, 0, 8;
    %pushi/vec4 0, 0, 1;
    %store/vec4 v00000219c6840970_0, 0, 1;
    %pushi/vec4 0, 0, 16;
    %store/vec4 v00000219c68401f0_0, 0, 16;
    %fork TD_power_tb.apply_sample_and_check, S_00000219c68160d0;
    %join;
    %free S_00000219c68160d0;
    %alloc S_00000219c68160d0;
    %pushi/vec4 8, 0, 8;
    %store/vec4 v00000219c683fc50_0, 0, 8;
    %pushi/vec4 1, 0, 1;
    %store/vec4 v00000219c6840970_0, 0, 1;
    %pushi/vec4 30, 0, 16;
    %store/vec4 v00000219c68401f0_0, 0, 16;
    %fork TD_power_tb.apply_sample_and_check, S_00000219c68160d0;
    %join;
    %free S_00000219c68160d0;
    %alloc S_00000219c68160d0;
    %pushi/vec4 10, 0, 8;
    %store/vec4 v00000219c683fc50_0, 0, 8;
    %pushi/vec4 1, 0, 1;
    %store/vec4 v00000219c6840970_0, 0, 1;
    %pushi/vec4 54, 0, 16;
    %store/vec4 v00000219c68401f0_0, 0, 16;
    %fork TD_power_tb.apply_sample_and_check, S_00000219c68160d0;
    %join;
    %free S_00000219c68160d0;
    %alloc S_00000219c68160d0;
    %pushi/vec4 4, 0, 8;
    %store/vec4 v00000219c683fc50_0, 0, 8;
    %pushi/vec4 1, 0, 1;
    %store/vec4 v00000219c6840970_0, 0, 1;
    %pushi/vec4 54, 0, 16;
    %store/vec4 v00000219c68401f0_0, 0, 16;
    %fork TD_power_tb.apply_sample_and_check, S_00000219c68160d0;
    %join;
    %free S_00000219c68160d0;
    %alloc S_00000219c68160d0;
    %pushi/vec4 0, 0, 8;
    %store/vec4 v00000219c683fc50_0, 0, 8;
    %pushi/vec4 1, 0, 1;
    %store/vec4 v00000219c6840970_0, 0, 1;
    %pushi/vec4 45, 0, 16;
    %store/vec4 v00000219c68401f0_0, 0, 16;
    %fork TD_power_tb.apply_sample_and_check, S_00000219c68160d0;
    %join;
    %free S_00000219c68160d0;
    %load/vec4 v00000219c68b3ed0_0;
    %cmpi/e 0, 0, 32;
    %jmp/0xz  T_4.0, 4;
    %vpi_call/w 3 74 "$display", "PASS: power.v sliding-window power checks succeeded." {0 0 0};
    %jmp T_4.1;
T_4.0 ;
    %vpi_call/w 3 76 "$display", "FAIL: power.v testbench found %0d error(s).", v00000219c68b3ed0_0 {0 0 0};
T_4.1 ;
    %vpi_call/w 3 79 "$finish" {0 0 0};
    %end;
    .thread T_4;
    .scope S_00000219c6850e00;
T_5 ;
    %vpi_call/w 3 83 "$monitor", "Time=%0t | signal=%0d | valid=%0b | power=%0d", $time, v00000219c68b34d0_0, v00000219c68b25d0_0, v00000219c68b37f0_0 {0 0 0};
    %end;
    .thread T_5;
# The file index is used to find the file name in the following table.
:file_names 5;
    "N/A";
    "<interactive>";
    "-";
    "Testbench\power_tb.v";
    "RTL\power.v";
