#! /mingw64/bin/vvp
:ivl_version "12.0 (stable)";
:ivl_delay_selection "TYPICAL";
:vpi_time_precision - 12;
:vpi_module "C:\msys64\mingw64\lib\ivl\system.vpi";
:vpi_module "C:\msys64\mingw64\lib\ivl\vhdl_sys.vpi";
:vpi_module "C:\msys64\mingw64\lib\ivl\vhdl_textio.vpi";
:vpi_module "C:\msys64\mingw64\lib\ivl\v2005_math.vpi";
:vpi_module "C:\msys64\mingw64\lib\ivl\va_math.vpi";
:vpi_module "C:\msys64\mingw64\lib\ivl\v2009.vpi";
S_000001c9727ead10 .scope package, "$unit" "$unit" 2 1;
 .timescale 0 0;
S_000001c9726bf500 .scope module, "synthetic_signal_generator_tb" "synthetic_signal_generator_tb" 3 3;
 .timescale -9 -12;
v000001c9726acc50_0 .net "alpha_power", 7 0, v000001c972686730_0;  1 drivers
v000001c9726b85a0_0 .net "beta_power", 7 0, v000001c9726864d0_0;  1 drivers
v000001c9726b8640_0 .var "clk", 0 0;
v000001c97270d750_0 .net "gsr_level", 7 0, v000001c9726ac9d0_0;  1 drivers
v000001c97270ded0_0 .net "pain_state", 1 0, v000001c9726aca70_0;  1 drivers
v000001c97270d9d0_0 .var "reset", 0 0;
v000001c97270d6b0_0 .net "theta_power", 7 0, v000001c9726acbb0_0;  1 drivers
S_000001c9726bf690 .scope module, "dut" "synthetic_signal_generator" 3 14, 4 1 0, S_000001c9726bf500;
 .timescale 0 0;
    .port_info 0 /INPUT 1 "clk";
    .port_info 1 /INPUT 1 "reset";
    .port_info 2 /OUTPUT 8 "alpha_power";
    .port_info 3 /OUTPUT 8 "beta_power";
    .port_info 4 /OUTPUT 8 "theta_power";
    .port_info 5 /OUTPUT 8 "gsr_level";
    .port_info 6 /OUTPUT 2 "pain_state";
P_000001c9727eaea0 .param/l "HIGH_PAIN" 1 4 15, C4<10>;
P_000001c9727eaed8 .param/l "LOW_PAIN" 1 4 13, C4<00>;
P_000001c9727eaf10 .param/l "MED_PAIN" 1 4 14, C4<01>;
P_000001c9727eaf48 .param/l "STATE_DURATION" 0 4 18, +C4<00000000000000000000000001100100>;
v000001c972686730_0 .var "alpha_power", 7 0;
v000001c9726864d0_0 .var "beta_power", 7 0;
v000001c9726bf820_0 .net "clk", 0 0, v000001c9726b8640_0;  1 drivers
v000001c9726bf8c0_0 .var "counter", 7 0;
v000001c9726ac9d0_0 .var "gsr_level", 7 0;
v000001c9726aca70_0 .var "pain_state", 1 0;
v000001c9726acb10_0 .net "reset", 0 0, v000001c97270d9d0_0;  1 drivers
v000001c9726acbb0_0 .var "theta_power", 7 0;
E_000001c9726adf40 .event anyedge, v000001c9726aca70_0;
E_000001c9726ade80 .event posedge, v000001c9726acb10_0, v000001c9726bf820_0;
    .scope S_000001c9726bf690;
T_0 ;
    %wait E_000001c9726ade80;
    %load/vec4 v000001c9726acb10_0;
    %flag_set/vec4 8;
    %jmp/0xz  T_0.0, 8;
    %pushi/vec4 0, 0, 8;
    %assign/vec4 v000001c9726bf8c0_0, 0;
    %pushi/vec4 0, 0, 2;
    %assign/vec4 v000001c9726aca70_0, 0;
    %jmp T_0.1;
T_0.0 ;
    %load/vec4 v000001c9726bf8c0_0;
    %pad/u 32;
    %cmpi/e 99, 0, 32;
    %jmp/0xz  T_0.2, 4;
    %pushi/vec4 0, 0, 8;
    %assign/vec4 v000001c9726bf8c0_0, 0;
    %load/vec4 v000001c9726aca70_0;
    %dup/vec4;
    %pushi/vec4 0, 0, 2;
    %cmp/u;
    %jmp/1 T_0.4, 6;
    %dup/vec4;
    %pushi/vec4 1, 0, 2;
    %cmp/u;
    %jmp/1 T_0.5, 6;
    %dup/vec4;
    %pushi/vec4 2, 0, 2;
    %cmp/u;
    %jmp/1 T_0.6, 6;
    %pushi/vec4 0, 0, 2;
    %assign/vec4 v000001c9726aca70_0, 0;
    %jmp T_0.8;
T_0.4 ;
    %pushi/vec4 1, 0, 2;
    %assign/vec4 v000001c9726aca70_0, 0;
    %jmp T_0.8;
T_0.5 ;
    %pushi/vec4 2, 0, 2;
    %assign/vec4 v000001c9726aca70_0, 0;
    %jmp T_0.8;
T_0.6 ;
    %pushi/vec4 0, 0, 2;
    %assign/vec4 v000001c9726aca70_0, 0;
    %jmp T_0.8;
T_0.8 ;
    %pop/vec4 1;
    %jmp T_0.3;
T_0.2 ;
    %load/vec4 v000001c9726bf8c0_0;
    %addi 1, 0, 8;
    %assign/vec4 v000001c9726bf8c0_0, 0;
T_0.3 ;
T_0.1 ;
    %jmp T_0;
    .thread T_0;
    .scope S_000001c9726bf690;
T_1 ;
    %wait E_000001c9726adf40;
    %load/vec4 v000001c9726aca70_0;
    %dup/vec4;
    %pushi/vec4 0, 0, 2;
    %cmp/u;
    %jmp/1 T_1.0, 6;
    %dup/vec4;
    %pushi/vec4 1, 0, 2;
    %cmp/u;
    %jmp/1 T_1.1, 6;
    %dup/vec4;
    %pushi/vec4 2, 0, 2;
    %cmp/u;
    %jmp/1 T_1.2, 6;
    %pushi/vec4 0, 0, 8;
    %store/vec4 v000001c972686730_0, 0, 8;
    %pushi/vec4 0, 0, 8;
    %store/vec4 v000001c9726864d0_0, 0, 8;
    %pushi/vec4 0, 0, 8;
    %store/vec4 v000001c9726acbb0_0, 0, 8;
    %pushi/vec4 0, 0, 8;
    %store/vec4 v000001c9726ac9d0_0, 0, 8;
    %jmp T_1.4;
T_1.0 ;
    %pushi/vec4 80, 0, 8;
    %store/vec4 v000001c972686730_0, 0, 8;
    %pushi/vec4 20, 0, 8;
    %store/vec4 v000001c9726864d0_0, 0, 8;
    %pushi/vec4 30, 0, 8;
    %store/vec4 v000001c9726acbb0_0, 0, 8;
    %pushi/vec4 15, 0, 8;
    %store/vec4 v000001c9726ac9d0_0, 0, 8;
    %jmp T_1.4;
T_1.1 ;
    %pushi/vec4 50, 0, 8;
    %store/vec4 v000001c972686730_0, 0, 8;
    %pushi/vec4 50, 0, 8;
    %store/vec4 v000001c9726864d0_0, 0, 8;
    %pushi/vec4 40, 0, 8;
    %store/vec4 v000001c9726acbb0_0, 0, 8;
    %pushi/vec4 45, 0, 8;
    %store/vec4 v000001c9726ac9d0_0, 0, 8;
    %jmp T_1.4;
T_1.2 ;
    %pushi/vec4 20, 0, 8;
    %store/vec4 v000001c972686730_0, 0, 8;
    %pushi/vec4 80, 0, 8;
    %store/vec4 v000001c9726864d0_0, 0, 8;
    %pushi/vec4 60, 0, 8;
    %store/vec4 v000001c9726acbb0_0, 0, 8;
    %pushi/vec4 85, 0, 8;
    %store/vec4 v000001c9726ac9d0_0, 0, 8;
    %jmp T_1.4;
T_1.4 ;
    %pop/vec4 1;
    %jmp T_1;
    .thread T_1, $push;
    .scope S_000001c9726bf500;
T_2 ;
    %delay 5000, 0;
    %load/vec4 v000001c9726b8640_0;
    %inv;
    %store/vec4 v000001c9726b8640_0, 0, 1;
    %jmp T_2;
    .thread T_2;
    .scope S_000001c9726bf500;
T_3 ;
    %pushi/vec4 0, 0, 1;
    %store/vec4 v000001c9726b8640_0, 0, 1;
    %pushi/vec4 1, 0, 1;
    %store/vec4 v000001c97270d9d0_0, 0, 1;
    %delay 20000, 0;
    %pushi/vec4 0, 0, 1;
    %store/vec4 v000001c97270d9d0_0, 0, 1;
    %delay 3500000, 0;
    %vpi_call/w 3 37 "$finish" {0 0 0};
    %end;
    .thread T_3;
    .scope S_000001c9726bf500;
T_4 ;
    %vpi_call/w 3 41 "$monitor", "Time=%0t | State=%b | Alpha=%d | Beta=%d | Theta=%d | GSR=%d", $time, v000001c97270ded0_0, v000001c9726acc50_0, v000001c9726b85a0_0, v000001c97270d6b0_0, v000001c97270d750_0 {0 0 0};
    %end;
    .thread T_4;
# The file index is used to find the file name in the following table.
:file_names 5;
    "N/A";
    "<interactive>";
    "-";
    "Testbench\synthetic_signal_generator_tb.v";
    "RTL\synthetic_signal_generator.v";
